c:\users\kyh\desktop\d3d_animalcrossing (3)\client\default\release\client.pch
c:\users\kyh\desktop\d3d_animalcrossing (3)\client\default\release\vc142.pdb
c:\users\kyh\desktop\d3d_animalcrossing (3)\client\default\release\stdafx.obj
c:\users\kyh\desktop\d3d_animalcrossing (3)\client\default\release\camera_free.obj
c:\users\kyh\desktop\d3d_animalcrossing (3)\client\default\release\loading.obj
c:\users\kyh\desktop\d3d_animalcrossing (3)\client\default\release\level_gameplay.obj
c:\users\kyh\desktop\d3d_animalcrossing (3)\client\default\release\peach.obj
c:\users\kyh\desktop\d3d_animalcrossing (3)\client\default\release\textballoon.obj
c:\users\kyh\desktop\d3d_animalcrossing (3)\client\default\release\tree.obj
c:\users\kyh\desktop\d3d_animalcrossing (3)\client\default\release\client.obj
c:\users\kyh\desktop\d3d_animalcrossing (3)\client\default\release\effect.obj
c:\users\kyh\desktop\d3d_animalcrossing (3)\client\default\release\noticeboard.obj
c:\users\kyh\desktop\d3d_animalcrossing (3)\client\default\release\sound_manager.obj
c:\users\kyh\desktop\d3d_animalcrossing (3)\client\default\release\background.obj
c:\users\kyh\desktop\d3d_animalcrossing (3)\client\default\release\level_loading.obj
c:\users\kyh\desktop\d3d_animalcrossing (3)\client\default\release\player_hair.obj
c:\users\kyh\desktop\d3d_animalcrossing (3)\client\default\release\terrain.obj
c:\users\kyh\desktop\d3d_animalcrossing (3)\client\default\release\transition.obj
c:\users\kyh\desktop\d3d_animalcrossing (3)\client\default\release\weed.obj
c:\users\kyh\desktop\d3d_animalcrossing (3)\client\default\release\insect.obj
c:\users\kyh\desktop\d3d_animalcrossing (3)\client\default\release\item.obj
c:\users\kyh\desktop\d3d_animalcrossing (3)\client\default\release\mainapp.obj
c:\users\kyh\desktop\d3d_animalcrossing (3)\client\default\release\quest.obj
c:\users\kyh\desktop\d3d_animalcrossing (3)\client\default\release\flower.obj
c:\users\kyh\desktop\d3d_animalcrossing (3)\client\default\release\level_logo.obj
c:\users\kyh\desktop\d3d_animalcrossing (3)\client\default\release\player.obj
c:\users\kyh\desktop\d3d_animalcrossing (3)\client\default\release\inventory.obj
c:\users\kyh\desktop\d3d_animalcrossing (3)\client\default\release\nooktent.obj
c:\users\kyh\desktop\d3d_animalcrossing (3)\client\default\release\sky.obj
c:\users\kyh\desktop\d3d_animalcrossing (3)\client\default\release\tool_net.obj
c:\users\kyh\desktop\d3d_animalcrossing (3)\client\default\release\ui.obj
c:\users\gratia\desktop\d3d_animalcrossing (3)\client\bin\client.ipdb
c:\users\gratia\desktop\d3d_animalcrossing (3)\client\bin\client.iobj
c:\users\kyh\desktop\d3d_animalcrossing (3)\client\bin\client.ipdb
c:\users\kyh\desktop\d3d_animalcrossing (3)\client\bin\client.iobj
c:\users\kyh\desktop\d3d_animalcrossing (3)\client\bin\shader_mesh.cso
c:\users\kyh\desktop\d3d_animalcrossing (3)\client\bin\shader_player.cso
c:\users\kyh\desktop\d3d_animalcrossing (3)\client\bin\shader_point.cso
c:\users\kyh\desktop\d3d_animalcrossing (3)\client\bin\shader_rect.cso
c:\users\kyh\desktop\d3d_animalcrossing (3)\client\bin\shader_sky.cso
c:\users\kyh\desktop\d3d_animalcrossing (3)\client\bin\shader_terrain.cso
c:\users\kyh\desktop\d3d_animalcrossing (3)\client\bin\client.exe
c:\users\kyh\desktop\d3d_animalcrossing (3)\client\default\release\client.iobj
c:\users\kyh\desktop\d3d_animalcrossing (3)\client\bin\client.pdb
c:\users\kyh\desktop\d3d_animalcrossing (3)\client\default\release\client.res
c:\users\kyh\desktop\d3d_animalcrossing (3)\client\default\release\monster.obj
c:\users\kyh\desktop\d3d_animalcrossing (3)\client\default\release\client.ipdb
c:\users\kyh\desktop\d3d_animalcrossing (3)\client\default\release\vc140.pdb
c:\users\kyh\desktop\d3d_animalcrossing (3)\client\default\release\client.tlog\cl.command.1.tlog
c:\users\kyh\desktop\d3d_animalcrossing (3)\client\default\release\client.tlog\cl.read.1.tlog
c:\users\kyh\desktop\d3d_animalcrossing (3)\client\default\release\client.tlog\cl.write.1.tlog
c:\users\kyh\desktop\d3d_animalcrossing (3)\client\default\release\client.tlog\client.write.1u.tlog
c:\users\kyh\desktop\d3d_animalcrossing (3)\client\default\release\client.tlog\fxc.command.1.tlog
c:\users\kyh\desktop\d3d_animalcrossing (3)\client\default\release\client.tlog\fxc.read.1.tlog
c:\users\kyh\desktop\d3d_animalcrossing (3)\client\default\release\client.tlog\fxc.write.1.tlog
c:\users\kyh\desktop\d3d_animalcrossing (3)\client\default\release\client.tlog\link.command.1.tlog
c:\users\kyh\desktop\d3d_animalcrossing (3)\client\default\release\client.tlog\link.read.1.tlog
c:\users\kyh\desktop\d3d_animalcrossing (3)\client\default\release\client.tlog\link.write.1.tlog
c:\users\kyh\desktop\d3d_animalcrossing (3)\client\default\release\client.tlog\rc.command.1.tlog
c:\users\kyh\desktop\d3d_animalcrossing (3)\client\default\release\client.tlog\rc.read.1.tlog
c:\users\kyh\desktop\d3d_animalcrossing (3)\client\default\release\client.tlog\rc.write.1.tlog
