d:\jusin\api\api_crazyarcade\release\api_crazyarcade.ipdb
d:\jusin\api\api_crazyarcade\release\api_crazyarcade.iobj
d:\jusin\api\api_crazyarcade\api_crazyarcade\release\block.obj
d:\jusin\api\api_crazyarcade\api_crazyarcade\release\bubble.obj
d:\jusin\api\api_crazyarcade\api_crazyarcade\release\tile_manager.obj
d:\jusin\api\api_crazyarcade\api_crazyarcade\release\item.obj
d:\jusin\api\api_crazyarcade\api_crazyarcade\release\player.obj
d:\jusin\api\api_crazyarcade\api_crazyarcade\release\bubblepop.obj
d:\jusin\api\api_crazyarcade\api_crazyarcade\release\scene_stage.obj
d:\jusin\api\api_crazyarcade\api_crazyarcade\release\mainapp.obj
d:\jusin\api\api_crazyarcade\api_crazyarcade\release\tile.obj
d:\jusin\api\api_crazyarcade\api_crazyarcade\release\api_crazyarcade.pch
d:\jusin\api\api_crazyarcade\api_crazyarcade\release\vc142.pdb
d:\jusin\api\api_crazyarcade\api_crazyarcade\release\pch.obj
d:\jusin\api\api_crazyarcade\api_crazyarcade\release\gameobject_manager.obj
d:\jusin\api\api_crazyarcade\api_crazyarcade\release\scene.obj
d:\jusin\api\api_crazyarcade\api_crazyarcade\release\api_crazyarcade.obj
d:\jusin\api\api_crazyarcade\api_crazyarcade\release\mouse.obj
d:\jusin\api\api_crazyarcade\api_crazyarcade\release\bitmap_manager.obj
d:\jusin\api\api_crazyarcade\api_crazyarcade\release\scene_manager.obj
d:\jusin\api\api_crazyarcade\api_crazyarcade\release\gameobject.obj
d:\jusin\api\api_crazyarcade\api_crazyarcade\release\mybitmap.obj
d:\jusin\api\api_crazyarcade\api_crazyarcade\release\monster.obj
d:\jusin\api\api_crazyarcade\api_crazyarcade\release\ui.obj
d:\jusin\api\api_crazyarcade\api_crazyarcade\release\key_manager.obj
d:\jusin\api\api_crazyarcade\release\api_crazyarcade.exe
d:\jusin\api\api_crazyarcade\release\api_crazyarcade.pdb
d:\jusin\api\api_crazyarcade\api_crazyarcade\release\api_crazyarcade.res
d:\jusin\api\api_crazyarcade\api_crazyarcade\release\api_crazyarcade.tlog\api_crazyarcade.write.1u.tlog
d:\jusin\api\api_crazyarcade\api_crazyarcade\release\api_crazyarcade.tlog\cl.command.1.tlog
d:\jusin\api\api_crazyarcade\api_crazyarcade\release\api_crazyarcade.tlog\cl.read.1.tlog
d:\jusin\api\api_crazyarcade\api_crazyarcade\release\api_crazyarcade.tlog\cl.write.1.tlog
d:\jusin\api\api_crazyarcade\api_crazyarcade\release\api_crazyarcade.tlog\link.command.1.tlog
d:\jusin\api\api_crazyarcade\api_crazyarcade\release\api_crazyarcade.tlog\link.delete.1.tlog
d:\jusin\api\api_crazyarcade\api_crazyarcade\release\api_crazyarcade.tlog\link.read.1.tlog
d:\jusin\api\api_crazyarcade\api_crazyarcade\release\api_crazyarcade.tlog\link.write.1.tlog
d:\jusin\api\api_crazyarcade\api_crazyarcade\release\api_crazyarcade.tlog\rc.command.1.tlog
d:\jusin\api\api_crazyarcade\api_crazyarcade\release\api_crazyarcade.tlog\rc.read.1.tlog
d:\jusin\api\api_crazyarcade\api_crazyarcade\release\api_crazyarcade.tlog\rc.write.1.tlog
