d:\burger\framework\tool\debug\tool.pch
d:\burger\framework\tool\debug\vc140.pdb
d:\burger\framework\tool\debug\vc140.idb
d:\burger\framework\tool\debug\stdafx.obj
d:\burger\framework\tool\debug\form.obj
d:\burger\framework\tool\debug\mainfrm.obj
d:\burger\framework\tool\debug\tool.obj
d:\burger\framework\tool\debug\tooldoc.obj
d:\burger\framework\tool\debug\toolview.obj
d:\burger\framework\tool\bin\tool.ilk
d:\burger\framework\tool\bin\tool.exe
d:\burger\framework\tool\bin\tool.pdb
d:\burger\framework\tool\debug\tool.res
c:\users\kyh\desktop\framework_1209_sword\tool\debug\form.obj
c:\users\kyh\desktop\framework_1209_sword\tool\debug\mainfrm.obj
c:\users\kyh\desktop\framework_1209_sword\tool\debug\tool.obj
c:\users\kyh\desktop\framework_1209_sword\tool\debug\tooldoc.obj
c:\users\kyh\desktop\framework_1209_sword\tool\debug\toolview.obj
c:\users\kyh\desktop\framework_1209_sword\tool\debug\tool.res
c:\users\kyh\desktop\framework_1209_sword\tool\debug\vc140.idb
c:\users\kyh\desktop\framework_1209_sword\tool\debug\vc142.idb
c:\users\kyh\desktop\framework_1209_sword\tool\debug\vc140.pdb
c:\users\kyh\desktop\framework_1209_sword\tool\debug\vc142.pdb
c:\users\kyh\desktop\framework_1209_sword\tool\bin\tool.exe
c:\users\kyh\desktop\framework_1209_sword\tool\debug\tool.tlog\cl.command.1.tlog
c:\users\kyh\desktop\framework_1209_sword\tool\debug\tool.tlog\cl.read.1.tlog
c:\users\kyh\desktop\framework_1209_sword\tool\debug\tool.tlog\cl.write.1.tlog
c:\users\kyh\desktop\framework_1209_sword\tool\debug\tool.tlog\link.command.1.tlog
c:\users\kyh\desktop\framework_1209_sword\tool\debug\tool.tlog\link.read.1.tlog
c:\users\kyh\desktop\framework_1209_sword\tool\debug\tool.tlog\link.write.1.tlog
c:\users\kyh\desktop\framework_1209_sword\tool\debug\tool.tlog\rc.command.1.tlog
c:\users\kyh\desktop\framework_1209_sword\tool\debug\tool.tlog\rc.read.1.tlog
c:\users\kyh\desktop\framework_1209_sword\tool\debug\tool.tlog\rc.write.1.tlog
