FXC : warning X4717: Effects deprecated for D3DCompiler_47
  
  compilation object save succeeded; see F:\GIT\KYH_Project\D3D_AnimalCrossing\Client\bin\Shader_Mesh.cso
FXC : warning X4717: Effects deprecated for D3DCompiler_47
  
  compilation object save succeeded; see F:\GIT\KYH_Project\D3D_AnimalCrossing\Client\bin\Shader_Player.cso
FXC : warning X4717: Effects deprecated for D3DCompiler_47
  
  compilation object save succeeded; see F:\GIT\KYH_Project\D3D_AnimalCrossing\Client\bin\Shader_Point.cso
FXC : warning X4717: Effects deprecated for D3DCompiler_47
  
  compilation object save succeeded; see F:\GIT\KYH_Project\D3D_AnimalCrossing\Client\bin\Shader_Rect.cso
FXC : warning X4717: Effects deprecated for D3DCompiler_47
  
  compilation object save succeeded; see F:\GIT\KYH_Project\D3D_AnimalCrossing\Client\bin\Shader_Sky.cso
FXC : warning X4717: Effects deprecated for D3DCompiler_47
  
  compilation object save succeeded; see F:\GIT\KYH_Project\D3D_AnimalCrossing\Client\bin\Shader_Terrain.cso
  stdafx.cpp
  BackGround.cpp
  Camera_Free.cpp
  Effect.cpp
  Flower.cpp
  Insect.cpp
  Inventory.cpp
  Item.cpp
  Level_GamePlay.cpp
F:\GIT\KYH_Project\D3D_AnimalCrossing\Client\private\Effect.cpp(34,20): warning C4244: '=': 'int'에서 'Engine::_float'(으)로 변환하면서 데이터가 손실될 수 있습니다.
F:\GIT\KYH_Project\D3D_AnimalCrossing\Client\private\Effect.cpp(44,26): warning C4244: '-=': 'Engine::_double'에서 'Engine::_float'(으)로 변환하면서 데이터가 손실될 수 있습니다.
F:\GIT\KYH_Project\D3D_AnimalCrossing\Client\private\Effect.cpp(46,22): warning C4244: '+=': 'Engine::_double'에서 'Engine::_float'(으)로 변환하면서 데이터가 손실될 수 있습니다.
F:\GIT\KYH_Project\D3D_AnimalCrossing\Client\private\Camera_Free.cpp(153,24): warning C4244: '인수': 'double'에서 'FLOAT'(으)로 변환하면서 데이터가 손실될 수 있습니다.
F:\GIT\KYH_Project\D3D_AnimalCrossing\Client\private\Camera_Free.cpp(154,9): warning C4244: '인수': 'double'에서 'FLOAT'(으)로 변환하면서 데이터가 손실될 수 있습니다.
F:\GIT\KYH_Project\D3D_AnimalCrossing\Client\private\Inventory.cpp(51,14): warning C4244: '초기화 중': 'double'에서 'float'(으)로 변환하면서 데이터가 손실될 수 있습니다.
F:\GIT\KYH_Project\D3D_AnimalCrossing\Client\private\Camera_Free.cpp(156,19): warning C4244: '초기화 중': 'double'에서 'float'(으)로 변환하면서 데이터가 손실될 수 있습니다.
F:\GIT\KYH_Project\D3D_AnimalCrossing\Client\private\Level_GamePlay.cpp(89,39): warning C4244: '인수': 'int'에서 'float'(으)로 변환하면서 데이터가 손실될 수 있습니다.
F:\GIT\KYH_Project\D3D_AnimalCrossing\Client\private\Level_GamePlay.cpp(57,17): warning C4996: 'localtime': This function or variable may be unsafe. Consider using localtime_s instead. To disable deprecation, use _CRT_SECURE_NO_WARNINGS. See online help for details.
F:\GIT\KYH_Project\D3D_AnimalCrossing\Client\private\Inventory.cpp(127,4): warning C4996: 'swprintf': function has been changed to conform with the ISO C standard, adding an extra character count parameter. To use the traditional Microsoft version, set _CRT_NON_CONFORMING_SWPRINTFS.
F:\GIT\KYH_Project\D3D_AnimalCrossing\Client\private\Level_GamePlay.cpp(64,3): warning C4996: 'swprintf': function has been changed to conform with the ISO C standard, adding an extra character count parameter. To use the traditional Microsoft version, set _CRT_NON_CONFORMING_SWPRINTFS.
F:\GIT\KYH_Project\D3D_AnimalCrossing\Client\private\Item.cpp(60,14): warning C4244: '=': 'int'에서 'Engine::_float'(으)로 변환하면서 데이터가 손실될 수 있습니다.
F:\GIT\KYH_Project\D3D_AnimalCrossing\Client\private\Item.cpp(231,26): warning C4838: 'Engine::_float'에서 'LONG'(으)로의 변환에는 축소 변환이 필요합니다.
F:\GIT\KYH_Project\D3D_AnimalCrossing\Client\private\Item.cpp(231,26): warning C4244: '초기화 중': 'Engine::_float'에서 'LONG'(으)로 변환하면서 데이터가 손실될 수 있습니다.
F:\GIT\KYH_Project\D3D_AnimalCrossing\Client\private\Item.cpp(231,40): warning C4838: 'Engine::_float'에서 'LONG'(으)로의 변환에는 축소 변환이 필요합니다.
F:\GIT\KYH_Project\D3D_AnimalCrossing\Client\private\Item.cpp(231,40): warning C4244: '초기화 중': 'Engine::_float'에서 'LONG'(으)로 변환하면서 데이터가 손실될 수 있습니다.
F:\GIT\KYH_Project\D3D_AnimalCrossing\Client\private\Item.cpp(231,54): warning C4838: 'Engine::_float'에서 'LONG'(으)로의 변환에는 축소 변환이 필요합니다.
F:\GIT\KYH_Project\D3D_AnimalCrossing\Client\private\Item.cpp(231,54): warning C4244: '초기화 중': 'Engine::_float'에서 'LONG'(으)로 변환하면서 데이터가 손실될 수 있습니다.
F:\GIT\KYH_Project\D3D_AnimalCrossing\Client\private\Item.cpp(231,68): warning C4838: 'Engine::_float'에서 'LONG'(으)로의 변환에는 축소 변환이 필요합니다.
F:\GIT\KYH_Project\D3D_AnimalCrossing\Client\private\Item.cpp(231,68): warning C4244: '초기화 중': 'Engine::_float'에서 'LONG'(으)로 변환하면서 데이터가 손실될 수 있습니다.
F:\GIT\KYH_Project\D3D_AnimalCrossing\Client\private\Item.cpp(237,19): warning C4838: 'Engine::_float'에서 'LONG'(으)로의 변환에는 축소 변환이 필요합니다.
F:\GIT\KYH_Project\D3D_AnimalCrossing\Client\private\Item.cpp(237,19): warning C4244: '초기화 중': 'Engine::_float'에서 'LONG'(으)로 변환하면서 데이터가 손실될 수 있습니다.
F:\GIT\KYH_Project\D3D_AnimalCrossing\Client\private\Item.cpp(237,29): warning C4838: 'Engine::_float'에서 'LONG'(으)로의 변환에는 축소 변환이 필요합니다.
F:\GIT\KYH_Project\D3D_AnimalCrossing\Client\private\Item.cpp(237,29): warning C4244: '초기화 중': 'Engine::_float'에서 'LONG'(으)로 변환하면서 데이터가 손실될 수 있습니다.
F:\GIT\KYH_Project\D3D_AnimalCrossing\Client\private\Item.cpp(237,39): warning C4838: 'Engine::_float'에서 'LONG'(으)로의 변환에는 축소 변환이 필요합니다.
F:\GIT\KYH_Project\D3D_AnimalCrossing\Client\private\Item.cpp(237,39): warning C4244: '초기화 중': 'Engine::_float'에서 'LONG'(으)로 변환하면서 데이터가 손실될 수 있습니다.
F:\GIT\KYH_Project\D3D_AnimalCrossing\Client\private\Item.cpp(237,49): warning C4838: 'Engine::_float'에서 'LONG'(으)로의 변환에는 축소 변환이 필요합니다.
F:\GIT\KYH_Project\D3D_AnimalCrossing\Client\private\Item.cpp(237,49): warning C4244: '초기화 중': 'Engine::_float'에서 'LONG'(으)로 변환하면서 데이터가 손실될 수 있습니다.
F:\GIT\KYH_Project\D3D_AnimalCrossing\Client\private\Item.cpp(222,2): warning C4996: 'swprintf': function has been changed to conform with the ISO C standard, adding an extra character count parameter. To use the traditional Microsoft version, set _CRT_NON_CONFORMING_SWPRINTFS.
  Level_Loading.cpp
F:\GIT\KYH_Project\D3D_AnimalCrossing\Client\public\Utility.h(16,30): warning C4996: 'std::codecvt_utf8<wchar_t,1114111,(std::codecvt_mode)0>': warning STL4017: std::wbuffer_convert, std::wstring_convert, and the <codecvt> header (containing std::codecvt_mode, std::codecvt_utf8, std::codecvt_utf16, and std::codecvt_utf8_utf16) are deprecated in C++17. (The std::codecvt class template is NOT deprecated.) The C++ Standard doesn't provide equivalent non-deprecated functionality; consider using MultiByteToWideChar() and WideCharToMultiByte() from <Windows.h> instead. You can define _SILENCE_CXX17_CODECVT_HEADER_DEPRECATION_WARNING or _SILENCE_ALL_CXX17_DEPRECATION_WARNINGS to acknowledge that you have received this warning. (소스 파일 컴파일 중 ..\private\Insect.cpp)
C:\Program Files (x86)\Microsoft Visual Studio\2019\Community\VC\Tools\MSVC\14.25.28610\include\codecvt(35,52): message : 'std::codecvt_utf8' 선언을 참조하십시오. (소스 파일 컴파일 중 ..\private\Insect.cpp)
F:\GIT\KYH_Project\D3D_AnimalCrossing\Client\public\Utility.h(17,8): warning C4996: 'std::wstring_convert<convert_typeX,wchar_t,std::allocator<wchar_t>,std::allocator<char>>': warning STL4017: std::wbuffer_convert, std::wstring_convert, and the <codecvt> header (containing std::codecvt_mode, std::codecvt_utf8, std::codecvt_utf16, and std::codecvt_utf8_utf16) are deprecated in C++17. (The std::codecvt class template is NOT deprecated.) The C++ Standard doesn't provide equivalent non-deprecated functionality; consider using MultiByteToWideChar() and WideCharToMultiByte() from <Windows.h> instead. You can define _SILENCE_CXX17_CODECVT_HEADER_DEPRECATION_WARNING or _SILENCE_ALL_CXX17_DEPRECATION_WARNINGS to acknowledge that you have received this warning. (소스 파일 컴파일 중 ..\private\Insect.cpp)
C:\Program Files (x86)\Microsoft Visual Studio\2019\Community\VC\Tools\MSVC\14.25.28610\include\xlocbuf(296,55): message : 'std::wstring_convert' 선언을 참조하십시오. (소스 파일 컴파일 중 ..\private\Insect.cpp)
F:\GIT\KYH_Project\D3D_AnimalCrossing\Client\public\Utility.h(17,48): warning C4996: 'std::wstring_convert<convert_typeX,wchar_t,std::allocator<wchar_t>,std::allocator<char>>::wstring_convert': warning STL4017: std::wbuffer_convert, std::wstring_convert, and the <codecvt> header (containing std::codecvt_mode, std::codecvt_utf8, std::codecvt_utf16, and std::codecvt_utf8_utf16) are deprecated in C++17. (The std::codecvt class template is NOT deprecated.) The C++ Standard doesn't provide equivalent non-deprecated functionality; consider using MultiByteToWideChar() and WideCharToMultiByte() from <Windows.h> instead. You can define _SILENCE_CXX17_CODECVT_HEADER_DEPRECATION_WARNING or _SILENCE_ALL_CXX17_DEPRECATION_WARNINGS to acknowledge that you have received this warning. (소스 파일 컴파일 중 ..\private\Insect.cpp)
F:\GIT\KYH_Project\D3D_AnimalCrossing\Client\public\Utility.h(19,20): warning C4996: 'std::wstring_convert<convert_typeX,wchar_t,std::allocator<wchar_t>,std::allocator<char>>::from_bytes': warning STL4017: std::wbuffer_convert, std::wstring_convert, and the <codecvt> header (containing std::codecvt_mode, std::codecvt_utf8, std::codecvt_utf16, and std::codecvt_utf8_utf16) are deprecated in C++17. (The std::codecvt class template is NOT deprecated.) The C++ Standard doesn't provide equivalent non-deprecated functionality; consider using MultiByteToWideChar() and WideCharToMultiByte() from <Windows.h> instead. You can define _SILENCE_CXX17_CODECVT_HEADER_DEPRECATION_WARNING or _SILENCE_ALL_CXX17_DEPRECATION_WARNINGS to acknowledge that you have received this warning. (소스 파일 컴파일 중 ..\private\Insect.cpp)
F:\GIT\KYH_Project\D3D_AnimalCrossing\Client\public\Utility.h(24,30): warning C4996: 'std::codecvt_utf8<wchar_t,1114111,(std::codecvt_mode)0>': warning STL4017: std::wbuffer_convert, std::wstring_convert, and the <codecvt> header (containing std::codecvt_mode, std::codecvt_utf8, std::codecvt_utf16, and std::codecvt_utf8_utf16) are deprecated in C++17. (The std::codecvt class template is NOT deprecated.) The C++ Standard doesn't provide equivalent non-deprecated functionality; consider using MultiByteToWideChar() and WideCharToMultiByte() from <Windows.h> instead. You can define _SILENCE_CXX17_CODECVT_HEADER_DEPRECATION_WARNING or _SILENCE_ALL_CXX17_DEPRECATION_WARNINGS to acknowledge that you have received this warning. (소스 파일 컴파일 중 ..\private\Insect.cpp)
C:\Program Files (x86)\Microsoft Visual Studio\2019\Community\VC\Tools\MSVC\14.25.28610\include\codecvt(35,52): message : 'std::codecvt_utf8' 선언을 참조하십시오. (소스 파일 컴파일 중 ..\private\Insect.cpp)
F:\GIT\KYH_Project\D3D_AnimalCrossing\Client\public\Utility.h(25,8): warning C4996: 'std::wstring_convert<convert_typeX,wchar_t,std::allocator<wchar_t>,std::allocator<char>>': warning STL4017: std::wbuffer_convert, std::wstring_convert, and the <codecvt> header (containing std::codecvt_mode, std::codecvt_utf8, std::codecvt_utf16, and std::codecvt_utf8_utf16) are deprecated in C++17. (The std::codecvt class template is NOT deprecated.) The C++ Standard doesn't provide equivalent non-deprecated functionality; consider using MultiByteToWideChar() and WideCharToMultiByte() from <Windows.h> instead. You can define _SILENCE_CXX17_CODECVT_HEADER_DEPRECATION_WARNING or _SILENCE_ALL_CXX17_DEPRECATION_WARNINGS to acknowledge that you have received this warning. (소스 파일 컴파일 중 ..\private\Insect.cpp)
C:\Program Files (x86)\Microsoft Visual Studio\2019\Community\VC\Tools\MSVC\14.25.28610\include\xlocbuf(296,55): message : 'std::wstring_convert' 선언을 참조하십시오. (소스 파일 컴파일 중 ..\private\Insect.cpp)
F:\GIT\KYH_Project\D3D_AnimalCrossing\Client\public\Utility.h(25,48): warning C4996: 'std::wstring_convert<convert_typeX,wchar_t,std::allocator<wchar_t>,std::allocator<char>>::wstring_convert': warning STL4017: std::wbuffer_convert, std::wstring_convert, and the <codecvt> header (containing std::codecvt_mode, std::codecvt_utf8, std::codecvt_utf16, and std::codecvt_utf8_utf16) are deprecated in C++17. (The std::codecvt class template is NOT deprecated.) The C++ Standard doesn't provide equivalent non-deprecated functionality; consider using MultiByteToWideChar() and WideCharToMultiByte() from <Windows.h> instead. You can define _SILENCE_CXX17_CODECVT_HEADER_DEPRECATION_WARNING or _SILENCE_ALL_CXX17_DEPRECATION_WARNINGS to acknowledge that you have received this warning. (소스 파일 컴파일 중 ..\private\Insect.cpp)
F:\GIT\KYH_Project\D3D_AnimalCrossing\Client\public\Utility.h(27,20): warning C4996: 'std::wstring_convert<convert_typeX,wchar_t,std::allocator<wchar_t>,std::allocator<char>>::to_bytes': warning STL4017: std::wbuffer_convert, std::wstring_convert, and the <codecvt> header (containing std::codecvt_mode, std::codecvt_utf8, std::codecvt_utf16, and std::codecvt_utf8_utf16) are deprecated in C++17. (The std::codecvt class template is NOT deprecated.) The C++ Standard doesn't provide equivalent non-deprecated functionality; consider using MultiByteToWideChar() and WideCharToMultiByte() from <Windows.h> instead. You can define _SILENCE_CXX17_CODECVT_HEADER_DEPRECATION_WARNING or _SILENCE_ALL_CXX17_DEPRECATION_WARNINGS to acknowledge that you have received this warning. (소스 파일 컴파일 중 ..\private\Insect.cpp)
  Level_Logo.cpp
F:\GIT\KYH_Project\D3D_AnimalCrossing\Client\public\Utility.h(65,29): warning C4244: '인수': 'unsigned __int64'에서 'const unsigned int'(으)로 변환하면서 데이터가 손실될 수 있습니다. (소스 파일 컴파일 중 ..\private\Insect.cpp)
F:\GIT\KYH_Project\D3D_AnimalCrossing\Client\public\Utility.h(69,34): warning C4244: '인수': 'unsigned __int64'에서 'const unsigned int'(으)로 변환하면서 데이터가 손실될 수 있습니다. (소스 파일 컴파일 중 ..\private\Insect.cpp)
F:\GIT\KYH_Project\D3D_AnimalCrossing\Client\public\Utility.h(71,28): warning C4244: '인수': 'unsigned __int64'에서 'const unsigned int'(으)로 변환하면서 데이터가 손실될 수 있습니다. (소스 파일 컴파일 중 ..\private\Insect.cpp)
F:\GIT\KYH_Project\D3D_AnimalCrossing\Client\private\Insect.cpp(168,49): warning C4244: '인수': 'Engine::_double'에서 'float'(으)로 변환하면서 데이터가 손실될 수 있습니다.
F:\GIT\KYH_Project\D3D_AnimalCrossing\Client\private\Insect.cpp(169,33): warning C4244: '인수': 'Engine::_double'에서 'Engine::_float'(으)로 변환하면서 데이터가 손실될 수 있습니다.
F:\GIT\KYH_Project\D3D_AnimalCrossing\Client\private\Insect.cpp(197,52): warning C4244: '인수': 'Engine::_double'에서 'float'(으)로 변환하면서 데이터가 손실될 수 있습니다.
F:\GIT\KYH_Project\D3D_AnimalCrossing\Client\private\Insect.cpp(214,59): warning C4244: '인수': 'Engine::_double'에서 'float'(으)로 변환하면서 데이터가 손실될 수 있습니다.
F:\GIT\KYH_Project\D3D_AnimalCrossing\Client\private\Insect.cpp(215,43): warning C4244: '인수': 'Engine::_double'에서 'Engine::_float'(으)로 변환하면서 데이터가 손실될 수 있습니다.
F:\GIT\KYH_Project\D3D_AnimalCrossing\Client\private\Insect.cpp(242,52): warning C4244: '인수': 'Engine::_double'에서 'float'(으)로 변환하면서 데이터가 손실될 수 있습니다.
F:\GIT\KYH_Project\D3D_AnimalCrossing\Client\private\Insect.cpp(259,49): warning C4244: '인수': 'Engine::_double'에서 'float'(으)로 변환하면서 데이터가 손실될 수 있습니다.
F:\GIT\KYH_Project\D3D_AnimalCrossing\Client\private\Insect.cpp(260,50): warning C4244: '인수': 'Engine::_double'에서 'Engine::_float'(으)로 변환하면서 데이터가 손실될 수 있습니다.
F:\GIT\KYH_Project\D3D_AnimalCrossing\Client\private\Insect.cpp(301,42): warning C4244: '인수': 'Engine::_double'에서 'float'(으)로 변환하면서 데이터가 손실될 수 있습니다.
F:\GIT\KYH_Project\D3D_AnimalCrossing\Client\private\Insect.cpp(317,53): warning C4244: '인수': 'Engine::_double'에서 'Engine::_float'(으)로 변환하면서 데이터가 손실될 수 있습니다.
F:\GIT\KYH_Project\D3D_AnimalCrossing\Client\private\Insect.cpp(318,49): warning C4244: '인수': 'Engine::_double'에서 'float'(으)로 변환하면서 데이터가 손실될 수 있습니다.
F:\GIT\KYH_Project\D3D_AnimalCrossing\Client\private\Insect.cpp(319,50): warning C4244: '인수': 'Engine::_double'에서 'Engine::_float'(으)로 변환하면서 데이터가 손실될 수 있습니다.
F:\GIT\KYH_Project\D3D_AnimalCrossing\Client\private\Insect.cpp(355,43): warning C4244: '인수': 'Engine::_double'에서 'float'(으)로 변환하면서 데이터가 손실될 수 있습니다.
  Loading.cpp
  MainApp.cpp
  NookTent.cpp
  NoticeBoard.cpp
  Peach.cpp
  Player.cpp
F:\GIT\KYH_Project\D3D_AnimalCrossing\Client\private\Peach.cpp(79,67): warning C4244: '인수': 'double'에서 'Engine::_float'(으)로 변환하면서 데이터가 손실될 수 있습니다.
F:\GIT\KYH_Project\D3D_AnimalCrossing\Client\private\Peach.cpp(83,66): warning C4244: '인수': 'double'에서 'Engine::_float'(으)로 변환하면서 데이터가 손실될 수 있습니다.
F:\GIT\KYH_Project\D3D_AnimalCrossing\Client\private\Peach.cpp(87,66): warning C4244: '인수': 'double'에서 'Engine::_float'(으)로 변환하면서 데이터가 손실될 수 있습니다.
F:\GIT\KYH_Project\D3D_AnimalCrossing\Client\private\Peach.cpp(107,16): warning C4244: '초기화 중': 'double'에서 'float'(으)로 변환하면서 데이터가 손실될 수 있습니다.
  Player_Hair.cpp
  Quest.cpp
  Sky.cpp
  Sound_Manager.cpp
  Terrain.cpp
  TextBalloon.cpp
F:\GIT\KYH_Project\D3D_AnimalCrossing\Client\public\Utility.h(16,30): warning C4996: 'std::codecvt_utf8<wchar_t,1114111,(std::codecvt_mode)0>': warning STL4017: std::wbuffer_convert, std::wstring_convert, and the <codecvt> header (containing std::codecvt_mode, std::codecvt_utf8, std::codecvt_utf16, and std::codecvt_utf8_utf16) are deprecated in C++17. (The std::codecvt class template is NOT deprecated.) The C++ Standard doesn't provide equivalent non-deprecated functionality; consider using MultiByteToWideChar() and WideCharToMultiByte() from <Windows.h> instead. You can define _SILENCE_CXX17_CODECVT_HEADER_DEPRECATION_WARNING or _SILENCE_ALL_CXX17_DEPRECATION_WARNINGS to acknowledge that you have received this warning. (소스 파일 컴파일 중 ..\private\Loading.cpp)
C:\Program Files (x86)\Microsoft Visual Studio\2019\Community\VC\Tools\MSVC\14.25.28610\include\codecvt(35,52): message : 'std::codecvt_utf8' 선언을 참조하십시오. (소스 파일 컴파일 중 ..\private\Loading.cpp)
F:\GIT\KYH_Project\D3D_AnimalCrossing\Client\public\Utility.h(17,8): warning C4996: 'std::wstring_convert<convert_typeX,wchar_t,std::allocator<wchar_t>,std::allocator<char>>': warning STL4017: std::wbuffer_convert, std::wstring_convert, and the <codecvt> header (containing std::codecvt_mode, std::codecvt_utf8, std::codecvt_utf16, and std::codecvt_utf8_utf16) are deprecated in C++17. (The std::codecvt class template is NOT deprecated.) The C++ Standard doesn't provide equivalent non-deprecated functionality; consider using MultiByteToWideChar() and WideCharToMultiByte() from <Windows.h> instead. You can define _SILENCE_CXX17_CODECVT_HEADER_DEPRECATION_WARNING or _SILENCE_ALL_CXX17_DEPRECATION_WARNINGS to acknowledge that you have received this warning. (소스 파일 컴파일 중 ..\private\Loading.cpp)
C:\Program Files (x86)\Microsoft Visual Studio\2019\Community\VC\Tools\MSVC\14.25.28610\include\xlocbuf(296,55): message : 'std::wstring_convert' 선언을 참조하십시오. (소스 파일 컴파일 중 ..\private\Loading.cpp)
F:\GIT\KYH_Project\D3D_AnimalCrossing\Client\public\Utility.h(17,48): warning C4996: 'std::wstring_convert<convert_typeX,wchar_t,std::allocator<wchar_t>,std::allocator<char>>::wstring_convert': warning STL4017: std::wbuffer_convert, std::wstring_convert, and the <codecvt> header (containing std::codecvt_mode, std::codecvt_utf8, std::codecvt_utf16, and std::codecvt_utf8_utf16) are deprecated in C++17. (The std::codecvt class template is NOT deprecated.) The C++ Standard doesn't provide equivalent non-deprecated functionality; consider using MultiByteToWideChar() and WideCharToMultiByte() from <Windows.h> instead. You can define _SILENCE_CXX17_CODECVT_HEADER_DEPRECATION_WARNING or _SILENCE_ALL_CXX17_DEPRECATION_WARNINGS to acknowledge that you have received this warning. (소스 파일 컴파일 중 ..\private\Loading.cpp)
F:\GIT\KYH_Project\D3D_AnimalCrossing\Client\public\Utility.h(19,20): warning C4996: 'std::wstring_convert<convert_typeX,wchar_t,std::allocator<wchar_t>,std::allocator<char>>::from_bytes': warning STL4017: std::wbuffer_convert, std::wstring_convert, and the <codecvt> header (containing std::codecvt_mode, std::codecvt_utf8, std::codecvt_utf16, and std::codecvt_utf8_utf16) are deprecated in C++17. (The std::codecvt class template is NOT deprecated.) The C++ Standard doesn't provide equivalent non-deprecated functionality; consider using MultiByteToWideChar() and WideCharToMultiByte() from <Windows.h> instead. You can define _SILENCE_CXX17_CODECVT_HEADER_DEPRECATION_WARNING or _SILENCE_ALL_CXX17_DEPRECATION_WARNINGS to acknowledge that you have received this warning. (소스 파일 컴파일 중 ..\private\Loading.cpp)
F:\GIT\KYH_Project\D3D_AnimalCrossing\Client\public\Utility.h(24,30): warning C4996: 'std::codecvt_utf8<wchar_t,1114111,(std::codecvt_mode)0>': warning STL4017: std::wbuffer_convert, std::wstring_convert, and the <codecvt> header (containing std::codecvt_mode, std::codecvt_utf8, std::codecvt_utf16, and std::codecvt_utf8_utf16) are deprecated in C++17. (The std::codecvt class template is NOT deprecated.) The C++ Standard doesn't provide equivalent non-deprecated functionality; consider using MultiByteToWideChar() and WideCharToMultiByte() from <Windows.h> instead. You can define _SILENCE_CXX17_CODECVT_HEADER_DEPRECATION_WARNING or _SILENCE_ALL_CXX17_DEPRECATION_WARNINGS to acknowledge that you have received this warning. (소스 파일 컴파일 중 ..\private\Loading.cpp)
C:\Program Files (x86)\Microsoft Visual Studio\2019\Community\VC\Tools\MSVC\14.25.28610\include\codecvt(35,52): message : 'std::codecvt_utf8' 선언을 참조하십시오. (소스 파일 컴파일 중 ..\private\Loading.cpp)
F:\GIT\KYH_Project\D3D_AnimalCrossing\Client\private\Sky.cpp(42,66): warning C4244: '인수': 'Engine::_double'에서 'Engine::_float'(으)로 변환하면서 데이터가 손실될 수 있습니다.
F:\GIT\KYH_Project\D3D_AnimalCrossing\Client\public\Utility.h(25,8): warning C4996: 'std::wstring_convert<convert_typeX,wchar_t,std::allocator<wchar_t>,std::allocator<char>>': warning STL4017: std::wbuffer_convert, std::wstring_convert, and the <codecvt> header (containing std::codecvt_mode, std::codecvt_utf8, std::codecvt_utf16, and std::codecvt_utf8_utf16) are deprecated in C++17. (The std::codecvt class template is NOT deprecated.) The C++ Standard doesn't provide equivalent non-deprecated functionality; consider using MultiByteToWideChar() and WideCharToMultiByte() from <Windows.h> instead. You can define _SILENCE_CXX17_CODECVT_HEADER_DEPRECATION_WARNING or _SILENCE_ALL_CXX17_DEPRECATION_WARNINGS to acknowledge that you have received this warning. (소스 파일 컴파일 중 ..\private\Loading.cpp)
C:\Program Files (x86)\Microsoft Visual Studio\2019\Community\VC\Tools\MSVC\14.25.28610\include\xlocbuf(296,55): message : 'std::wstring_convert' 선언을 참조하십시오. (소스 파일 컴파일 중 ..\private\Loading.cpp)
F:\GIT\KYH_Project\D3D_AnimalCrossing\Client\public\Utility.h(25,48): warning C4996: 'std::wstring_convert<convert_typeX,wchar_t,std::allocator<wchar_t>,std::allocator<char>>::wstring_convert': warning STL4017: std::wbuffer_convert, std::wstring_convert, and the <codecvt> header (containing std::codecvt_mode, std::codecvt_utf8, std::codecvt_utf16, and std::codecvt_utf8_utf16) are deprecated in C++17. (The std::codecvt class template is NOT deprecated.) The C++ Standard doesn't provide equivalent non-deprecated functionality; consider using MultiByteToWideChar() and WideCharToMultiByte() from <Windows.h> instead. You can define _SILENCE_CXX17_CODECVT_HEADER_DEPRECATION_WARNING or _SILENCE_ALL_CXX17_DEPRECATION_WARNINGS to acknowledge that you have received this warning. (소스 파일 컴파일 중 ..\private\Loading.cpp)
F:\GIT\KYH_Project\D3D_AnimalCrossing\Client\public\Utility.h(27,20): warning C4996: 'std::wstring_convert<convert_typeX,wchar_t,std::allocator<wchar_t>,std::allocator<char>>::to_bytes': warning STL4017: std::wbuffer_convert, std::wstring_convert, and the <codecvt> header (containing std::codecvt_mode, std::codecvt_utf8, std::codecvt_utf16, and std::codecvt_utf8_utf16) are deprecated in C++17. (The std::codecvt class template is NOT deprecated.) The C++ Standard doesn't provide equivalent non-deprecated functionality; consider using MultiByteToWideChar() and WideCharToMultiByte() from <Windows.h> instead. You can define _SILENCE_CXX17_CODECVT_HEADER_DEPRECATION_WARNING or _SILENCE_ALL_CXX17_DEPRECATION_WARNINGS to acknowledge that you have received this warning. (소스 파일 컴파일 중 ..\private\Loading.cpp)
F:\GIT\KYH_Project\D3D_AnimalCrossing\Client\public\Utility.h(65,29): warning C4244: '인수': 'unsigned __int64'에서 'const unsigned int'(으)로 변환하면서 데이터가 손실될 수 있습니다. (소스 파일 컴파일 중 ..\private\Loading.cpp)
F:\GIT\KYH_Project\D3D_AnimalCrossing\Client\public\Utility.h(69,34): warning C4244: '인수': 'unsigned __int64'에서 'const unsigned int'(으)로 변환하면서 데이터가 손실될 수 있습니다. (소스 파일 컴파일 중 ..\private\Loading.cpp)
F:\GIT\KYH_Project\D3D_AnimalCrossing\Client\public\Utility.h(71,28): warning C4244: '인수': 'unsigned __int64'에서 'const unsigned int'(으)로 변환하면서 데이터가 손실될 수 있습니다. (소스 파일 컴파일 중 ..\private\Loading.cpp)
  Tool_Net.cpp
F:\GIT\KYH_Project\D3D_AnimalCrossing\Client\private\TextBalloon.cpp(54,14): warning C4244: '초기화 중': 'double'에서 'float'(으)로 변환하면서 데이터가 손실될 수 있습니다.
  Transition.cpp
F:\GIT\KYH_Project\D3D_AnimalCrossing\Client\private\TextBalloon.cpp(145,16): warning C4244: '초기화 중': 'double'에서 'float'(으)로 변환하면서 데이터가 손실될 수 있습니다.
F:\GIT\KYH_Project\D3D_AnimalCrossing\Client\private\TextBalloon.cpp(146,57): warning C4244: '=': 'float'에서 'int'(으)로 변환하면서 데이터가 손실될 수 있습니다.
  Tree.cpp
F:\GIT\KYH_Project\D3D_AnimalCrossing\Client\public\Utility.h(16,30): warning C4996: 'std::codecvt_utf8<wchar_t,1114111,(std::codecvt_mode)0>': warning STL4017: std::wbuffer_convert, std::wstring_convert, and the <codecvt> header (containing std::codecvt_mode, std::codecvt_utf8, std::codecvt_utf16, and std::codecvt_utf8_utf16) are deprecated in C++17. (The std::codecvt class template is NOT deprecated.) The C++ Standard doesn't provide equivalent non-deprecated functionality; consider using MultiByteToWideChar() and WideCharToMultiByte() from <Windows.h> instead. You can define _SILENCE_CXX17_CODECVT_HEADER_DEPRECATION_WARNING or _SILENCE_ALL_CXX17_DEPRECATION_WARNINGS to acknowledge that you have received this warning. (소스 파일 컴파일 중 ..\private\Quest.cpp)
C:\Program Files (x86)\Microsoft Visual Studio\2019\Community\VC\Tools\MSVC\14.25.28610\include\codecvt(35,52): message : 'std::codecvt_utf8' 선언을 참조하십시오. (소스 파일 컴파일 중 ..\private\Quest.cpp)
F:\GIT\KYH_Project\D3D_AnimalCrossing\Client\public\Utility.h(17,8): warning C4996: 'std::wstring_convert<convert_typeX,wchar_t,std::allocator<wchar_t>,std::allocator<char>>': warning STL4017: std::wbuffer_convert, std::wstring_convert, and the <codecvt> header (containing std::codecvt_mode, std::codecvt_utf8, std::codecvt_utf16, and std::codecvt_utf8_utf16) are deprecated in C++17. (The std::codecvt class template is NOT deprecated.) The C++ Standard doesn't provide equivalent non-deprecated functionality; consider using MultiByteToWideChar() and WideCharToMultiByte() from <Windows.h> instead. You can define _SILENCE_CXX17_CODECVT_HEADER_DEPRECATION_WARNING or _SILENCE_ALL_CXX17_DEPRECATION_WARNINGS to acknowledge that you have received this warning. (소스 파일 컴파일 중 ..\private\Quest.cpp)
C:\Program Files (x86)\Microsoft Visual Studio\2019\Community\VC\Tools\MSVC\14.25.28610\include\xlocbuf(296,55): message : 'std::wstring_convert' 선언을 참조하십시오. (소스 파일 컴파일 중 ..\private\Quest.cpp)
F:\GIT\KYH_Project\D3D_AnimalCrossing\Client\public\Utility.h(17,48): warning C4996: 'std::wstring_convert<convert_typeX,wchar_t,std::allocator<wchar_t>,std::allocator<char>>::wstring_convert': warning STL4017: std::wbuffer_convert, std::wstring_convert, and the <codecvt> header (containing std::codecvt_mode, std::codecvt_utf8, std::codecvt_utf16, and std::codecvt_utf8_utf16) are deprecated in C++17. (The std::codecvt class template is NOT deprecated.) The C++ Standard doesn't provide equivalent non-deprecated functionality; consider using MultiByteToWideChar() and WideCharToMultiByte() from <Windows.h> instead. You can define _SILENCE_CXX17_CODECVT_HEADER_DEPRECATION_WARNING or _SILENCE_ALL_CXX17_DEPRECATION_WARNINGS to acknowledge that you have received this warning. (소스 파일 컴파일 중 ..\private\Quest.cpp)
F:\GIT\KYH_Project\D3D_AnimalCrossing\Client\public\Utility.h(19,20): warning C4996: 'std::wstring_convert<convert_typeX,wchar_t,std::allocator<wchar_t>,std::allocator<char>>::from_bytes': warning STL4017: std::wbuffer_convert, std::wstring_convert, and the <codecvt> header (containing std::codecvt_mode, std::codecvt_utf8, std::codecvt_utf16, and std::codecvt_utf8_utf16) are deprecated in C++17. (The std::codecvt class template is NOT deprecated.) The C++ Standard doesn't provide equivalent non-deprecated functionality; consider using MultiByteToWideChar() and WideCharToMultiByte() from <Windows.h> instead. You can define _SILENCE_CXX17_CODECVT_HEADER_DEPRECATION_WARNING or _SILENCE_ALL_CXX17_DEPRECATION_WARNINGS to acknowledge that you have received this warning. (소스 파일 컴파일 중 ..\private\Quest.cpp)
F:\GIT\KYH_Project\D3D_AnimalCrossing\Client\public\Utility.h(24,30): warning C4996: 'std::codecvt_utf8<wchar_t,1114111,(std::codecvt_mode)0>': warning STL4017: std::wbuffer_convert, std::wstring_convert, and the <codecvt> header (containing std::codecvt_mode, std::codecvt_utf8, std::codecvt_utf16, and std::codecvt_utf8_utf16) are deprecated in C++17. (The std::codecvt class template is NOT deprecated.) The C++ Standard doesn't provide equivalent non-deprecated functionality; consider using MultiByteToWideChar() and WideCharToMultiByte() from <Windows.h> instead. You can define _SILENCE_CXX17_CODECVT_HEADER_DEPRECATION_WARNING or _SILENCE_ALL_CXX17_DEPRECATION_WARNINGS to acknowledge that you have received this warning. (소스 파일 컴파일 중 ..\private\Quest.cpp)
C:\Program Files (x86)\Microsoft Visual Studio\2019\Community\VC\Tools\MSVC\14.25.28610\include\codecvt(35,52): message : 'std::codecvt_utf8' 선언을 참조하십시오. (소스 파일 컴파일 중 ..\private\Quest.cpp)
F:\GIT\KYH_Project\D3D_AnimalCrossing\Client\public\Utility.h(25,8): warning C4996: 'std::wstring_convert<convert_typeX,wchar_t,std::allocator<wchar_t>,std::allocator<char>>': warning STL4017: std::wbuffer_convert, std::wstring_convert, and the <codecvt> header (containing std::codecvt_mode, std::codecvt_utf8, std::codecvt_utf16, and std::codecvt_utf8_utf16) are deprecated in C++17. (The std::codecvt class template is NOT deprecated.) The C++ Standard doesn't provide equivalent non-deprecated functionality; consider using MultiByteToWideChar() and WideCharToMultiByte() from <Windows.h> instead. You can define _SILENCE_CXX17_CODECVT_HEADER_DEPRECATION_WARNING or _SILENCE_ALL_CXX17_DEPRECATION_WARNINGS to acknowledge that you have received this warning. (소스 파일 컴파일 중 ..\private\Quest.cpp)
C:\Program Files (x86)\Microsoft Visual Studio\2019\Community\VC\Tools\MSVC\14.25.28610\include\xlocbuf(296,55): message : 'std::wstring_convert' 선언을 참조하십시오. (소스 파일 컴파일 중 ..\private\Quest.cpp)
F:\GIT\KYH_Project\D3D_AnimalCrossing\Client\public\Utility.h(25,48): warning C4996: 'std::wstring_convert<convert_typeX,wchar_t,std::allocator<wchar_t>,std::allocator<char>>::wstring_convert': warning STL4017: std::wbuffer_convert, std::wstring_convert, and the <codecvt> header (containing std::codecvt_mode, std::codecvt_utf8, std::codecvt_utf16, and std::codecvt_utf8_utf16) are deprecated in C++17. (The std::codecvt class template is NOT deprecated.) The C++ Standard doesn't provide equivalent non-deprecated functionality; consider using MultiByteToWideChar() and WideCharToMultiByte() from <Windows.h> instead. You can define _SILENCE_CXX17_CODECVT_HEADER_DEPRECATION_WARNING or _SILENCE_ALL_CXX17_DEPRECATION_WARNINGS to acknowledge that you have received this warning. (소스 파일 컴파일 중 ..\private\Quest.cpp)
F:\GIT\KYH_Project\D3D_AnimalCrossing\Client\public\Utility.h(27,20): warning C4996: 'std::wstring_convert<convert_typeX,wchar_t,std::allocator<wchar_t>,std::allocator<char>>::to_bytes': warning STL4017: std::wbuffer_convert, std::wstring_convert, and the <codecvt> header (containing std::codecvt_mode, std::codecvt_utf8, std::codecvt_utf16, and std::codecvt_utf8_utf16) are deprecated in C++17. (The std::codecvt class template is NOT deprecated.) The C++ Standard doesn't provide equivalent non-deprecated functionality; consider using MultiByteToWideChar() and WideCharToMultiByte() from <Windows.h> instead. You can define _SILENCE_CXX17_CODECVT_HEADER_DEPRECATION_WARNING or _SILENCE_ALL_CXX17_DEPRECATION_WARNINGS to acknowledge that you have received this warning. (소스 파일 컴파일 중 ..\private\Quest.cpp)
F:\GIT\KYH_Project\D3D_AnimalCrossing\Client\public\Utility.h(65,29): warning C4244: '인수': 'unsigned __int64'에서 'const unsigned int'(으)로 변환하면서 데이터가 손실될 수 있습니다. (소스 파일 컴파일 중 ..\private\Quest.cpp)
F:\GIT\KYH_Project\D3D_AnimalCrossing\Client\public\Utility.h(69,34): warning C4244: '인수': 'unsigned __int64'에서 'const unsigned int'(으)로 변환하면서 데이터가 손실될 수 있습니다. (소스 파일 컴파일 중 ..\private\Quest.cpp)
F:\GIT\KYH_Project\D3D_AnimalCrossing\Client\public\Utility.h(71,28): warning C4244: '인수': 'unsigned __int64'에서 'const unsigned int'(으)로 변환하면서 데이터가 손실될 수 있습니다. (소스 파일 컴파일 중 ..\private\Quest.cpp)
  UI.cpp
F:\GIT\KYH_Project\D3D_AnimalCrossing\Client\public\Utility.h(16,30): warning C4996: 'std::codecvt_utf8<wchar_t,1114111,(std::codecvt_mode)0>': warning STL4017: std::wbuffer_convert, std::wstring_convert, and the <codecvt> header (containing std::codecvt_mode, std::codecvt_utf8, std::codecvt_utf16, and std::codecvt_utf8_utf16) are deprecated in C++17. (The std::codecvt class template is NOT deprecated.) The C++ Standard doesn't provide equivalent non-deprecated functionality; consider using MultiByteToWideChar() and WideCharToMultiByte() from <Windows.h> instead. You can define _SILENCE_CXX17_CODECVT_HEADER_DEPRECATION_WARNING or _SILENCE_ALL_CXX17_DEPRECATION_WARNINGS to acknowledge that you have received this warning. (소스 파일 컴파일 중 ..\private\Player.cpp)
C:\Program Files (x86)\Microsoft Visual Studio\2019\Community\VC\Tools\MSVC\14.25.28610\include\codecvt(35,52): message : 'std::codecvt_utf8' 선언을 참조하십시오. (소스 파일 컴파일 중 ..\private\Player.cpp)
F:\GIT\KYH_Project\D3D_AnimalCrossing\Client\public\Utility.h(17,8): warning C4996: 'std::wstring_convert<convert_typeX,wchar_t,std::allocator<wchar_t>,std::allocator<char>>': warning STL4017: std::wbuffer_convert, std::wstring_convert, and the <codecvt> header (containing std::codecvt_mode, std::codecvt_utf8, std::codecvt_utf16, and std::codecvt_utf8_utf16) are deprecated in C++17. (The std::codecvt class template is NOT deprecated.) The C++ Standard doesn't provide equivalent non-deprecated functionality; consider using MultiByteToWideChar() and WideCharToMultiByte() from <Windows.h> instead. You can define _SILENCE_CXX17_CODECVT_HEADER_DEPRECATION_WARNING or _SILENCE_ALL_CXX17_DEPRECATION_WARNINGS to acknowledge that you have received this warning. (소스 파일 컴파일 중 ..\private\Player.cpp)
C:\Program Files (x86)\Microsoft Visual Studio\2019\Community\VC\Tools\MSVC\14.25.28610\include\xlocbuf(296,55): message : 'std::wstring_convert' 선언을 참조하십시오. (소스 파일 컴파일 중 ..\private\Player.cpp)
F:\GIT\KYH_Project\D3D_AnimalCrossing\Client\public\Utility.h(17,48): warning C4996: 'std::wstring_convert<convert_typeX,wchar_t,std::allocator<wchar_t>,std::allocator<char>>::wstring_convert': warning STL4017: std::wbuffer_convert, std::wstring_convert, and the <codecvt> header (containing std::codecvt_mode, std::codecvt_utf8, std::codecvt_utf16, and std::codecvt_utf8_utf16) are deprecated in C++17. (The std::codecvt class template is NOT deprecated.) The C++ Standard doesn't provide equivalent non-deprecated functionality; consider using MultiByteToWideChar() and WideCharToMultiByte() from <Windows.h> instead. You can define _SILENCE_CXX17_CODECVT_HEADER_DEPRECATION_WARNING or _SILENCE_ALL_CXX17_DEPRECATION_WARNINGS to acknowledge that you have received this warning. (소스 파일 컴파일 중 ..\private\Player.cpp)
F:\GIT\KYH_Project\D3D_AnimalCrossing\Client\public\Utility.h(19,20): warning C4996: 'std::wstring_convert<convert_typeX,wchar_t,std::allocator<wchar_t>,std::allocator<char>>::from_bytes': warning STL4017: std::wbuffer_convert, std::wstring_convert, and the <codecvt> header (containing std::codecvt_mode, std::codecvt_utf8, std::codecvt_utf16, and std::codecvt_utf8_utf16) are deprecated in C++17. (The std::codecvt class template is NOT deprecated.) The C++ Standard doesn't provide equivalent non-deprecated functionality; consider using MultiByteToWideChar() and WideCharToMultiByte() from <Windows.h> instead. You can define _SILENCE_CXX17_CODECVT_HEADER_DEPRECATION_WARNING or _SILENCE_ALL_CXX17_DEPRECATION_WARNINGS to acknowledge that you have received this warning. (소스 파일 컴파일 중 ..\private\Player.cpp)
F:\GIT\KYH_Project\D3D_AnimalCrossing\Client\public\Utility.h(24,30): warning C4996: 'std::codecvt_utf8<wchar_t,1114111,(std::codecvt_mode)0>': warning STL4017: std::wbuffer_convert, std::wstring_convert, and the <codecvt> header (containing std::codecvt_mode, std::codecvt_utf8, std::codecvt_utf16, and std::codecvt_utf8_utf16) are deprecated in C++17. (The std::codecvt class template is NOT deprecated.) The C++ Standard doesn't provide equivalent non-deprecated functionality; consider using MultiByteToWideChar() and WideCharToMultiByte() from <Windows.h> instead. You can define _SILENCE_CXX17_CODECVT_HEADER_DEPRECATION_WARNING or _SILENCE_ALL_CXX17_DEPRECATION_WARNINGS to acknowledge that you have received this warning. (소스 파일 컴파일 중 ..\private\Player.cpp)
C:\Program Files (x86)\Microsoft Visual Studio\2019\Community\VC\Tools\MSVC\14.25.28610\include\codecvt(35,52): message : 'std::codecvt_utf8' 선언을 참조하십시오. (소스 파일 컴파일 중 ..\private\Player.cpp)
F:\GIT\KYH_Project\D3D_AnimalCrossing\Client\public\Utility.h(25,8): warning C4996: 'std::wstring_convert<convert_typeX,wchar_t,std::allocator<wchar_t>,std::allocator<char>>': warning STL4017: std::wbuffer_convert, std::wstring_convert, and the <codecvt> header (containing std::codecvt_mode, std::codecvt_utf8, std::codecvt_utf16, and std::codecvt_utf8_utf16) are deprecated in C++17. (The std::codecvt class template is NOT deprecated.) The C++ Standard doesn't provide equivalent non-deprecated functionality; consider using MultiByteToWideChar() and WideCharToMultiByte() from <Windows.h> instead. You can define _SILENCE_CXX17_CODECVT_HEADER_DEPRECATION_WARNING or _SILENCE_ALL_CXX17_DEPRECATION_WARNINGS to acknowledge that you have received this warning. (소스 파일 컴파일 중 ..\private\Player.cpp)
C:\Program Files (x86)\Microsoft Visual Studio\2019\Community\VC\Tools\MSVC\14.25.28610\include\xlocbuf(296,55): message : 'std::wstring_convert' 선언을 참조하십시오. (소스 파일 컴파일 중 ..\private\Player.cpp)
F:\GIT\KYH_Project\D3D_AnimalCrossing\Client\public\Utility.h(25,48): warning C4996: 'std::wstring_convert<convert_typeX,wchar_t,std::allocator<wchar_t>,std::allocator<char>>::wstring_convert': warning STL4017: std::wbuffer_convert, std::wstring_convert, and the <codecvt> header (containing std::codecvt_mode, std::codecvt_utf8, std::codecvt_utf16, and std::codecvt_utf8_utf16) are deprecated in C++17. (The std::codecvt class template is NOT deprecated.) The C++ Standard doesn't provide equivalent non-deprecated functionality; consider using MultiByteToWideChar() and WideCharToMultiByte() from <Windows.h> instead. You can define _SILENCE_CXX17_CODECVT_HEADER_DEPRECATION_WARNING or _SILENCE_ALL_CXX17_DEPRECATION_WARNINGS to acknowledge that you have received this warning. (소스 파일 컴파일 중 ..\private\Player.cpp)
F:\GIT\KYH_Project\D3D_AnimalCrossing\Client\public\Utility.h(27,20): warning C4996: 'std::wstring_convert<convert_typeX,wchar_t,std::allocator<wchar_t>,std::allocator<char>>::to_bytes': warning STL4017: std::wbuffer_convert, std::wstring_convert, and the <codecvt> header (containing std::codecvt_mode, std::codecvt_utf8, std::codecvt_utf16, and std::codecvt_utf8_utf16) are deprecated in C++17. (The std::codecvt class template is NOT deprecated.) The C++ Standard doesn't provide equivalent non-deprecated functionality; consider using MultiByteToWideChar() and WideCharToMultiByte() from <Windows.h> instead. You can define _SILENCE_CXX17_CODECVT_HEADER_DEPRECATION_WARNING or _SILENCE_ALL_CXX17_DEPRECATION_WARNINGS to acknowledge that you have received this warning. (소스 파일 컴파일 중 ..\private\Player.cpp)
F:\GIT\KYH_Project\D3D_AnimalCrossing\Client\public\Utility.h(65,29): warning C4244: '인수': 'unsigned __int64'에서 'const unsigned int'(으)로 변환하면서 데이터가 손실될 수 있습니다. (소스 파일 컴파일 중 ..\private\Player.cpp)
F:\GIT\KYH_Project\D3D_AnimalCrossing\Client\public\Utility.h(69,34): warning C4244: '인수': 'unsigned __int64'에서 'const unsigned int'(으)로 변환하면서 데이터가 손실될 수 있습니다. (소스 파일 컴파일 중 ..\private\Player.cpp)
F:\GIT\KYH_Project\D3D_AnimalCrossing\Client\public\Utility.h(71,28): warning C4244: '인수': 'unsigned __int64'에서 'const unsigned int'(으)로 변환하면서 데이터가 손실될 수 있습니다. (소스 파일 컴파일 중 ..\private\Player.cpp)
F:\GIT\KYH_Project\D3D_AnimalCrossing\Client\private\Transition.cpp(41,42): warning C4244: '+=': 'Engine::_double'에서 'float'(으)로 변환하면서 데이터가 손실될 수 있습니다.
F:\GIT\KYH_Project\D3D_AnimalCrossing\Client\private\Transition.cpp(45,42): warning C4244: '-=': 'Engine::_double'에서 'float'(으)로 변환하면서 데이터가 손실될 수 있습니다.
F:\GIT\KYH_Project\D3D_AnimalCrossing\Client\private\Player.cpp(205,69): warning C4244: '인수': 'Engine::_double'에서 'float'(으)로 변환하면서 데이터가 손실될 수 있습니다.
F:\GIT\KYH_Project\D3D_AnimalCrossing\Client\private\Player.cpp(248,59): warning C4244: '인수': 'Engine::_double'에서 'float'(으)로 변환하면서 데이터가 손실될 수 있습니다.
F:\GIT\KYH_Project\D3D_AnimalCrossing\Client\private\Player.cpp(476,41): warning C4244: '인수': 'Engine::_double'에서 'float'(으)로 변환하면서 데이터가 손실될 수 있습니다.
F:\GIT\KYH_Project\D3D_AnimalCrossing\Client\private\Player.cpp(482,45): warning C4244: '인수': 'Engine::_double'에서 'Engine::_float'(으)로 변환하면서 데이터가 손실될 수 있습니다.
F:\GIT\KYH_Project\D3D_AnimalCrossing\Client\private\Player.cpp(487,35): warning C4244: '인수': 'Engine::_double'에서 'Engine::_float'(으)로 변환하면서 데이터가 손실될 수 있습니다.
F:\GIT\KYH_Project\D3D_AnimalCrossing\Client\private\Quest.cpp(57,14): warning C4244: '초기화 중': 'double'에서 'float'(으)로 변환하면서 데이터가 손실될 수 있습니다.
F:\GIT\KYH_Project\D3D_AnimalCrossing\Client\private\Quest.cpp(176,20): warning C4838: 'FLOAT'에서 'LONG'(으)로의 변환에는 축소 변환이 필요합니다.
F:\GIT\KYH_Project\D3D_AnimalCrossing\Client\private\Quest.cpp(176,20): warning C4244: '초기화 중': 'FLOAT'에서 'LONG'(으)로 변환하면서 데이터가 손실될 수 있습니다.
F:\GIT\KYH_Project\D3D_AnimalCrossing\Client\private\Quest.cpp(176,28): warning C4838: 'FLOAT'에서 'LONG'(으)로의 변환에는 축소 변환이 필요합니다.
F:\GIT\KYH_Project\D3D_AnimalCrossing\Client\private\Quest.cpp(176,28): warning C4244: '초기화 중': 'FLOAT'에서 'LONG'(으)로 변환하면서 데이터가 손실될 수 있습니다.
F:\GIT\KYH_Project\D3D_AnimalCrossing\Client\private\Quest.cpp(176,35): warning C4838: 'FLOAT'에서 'LONG'(으)로의 변환에는 축소 변환이 필요합니다.
F:\GIT\KYH_Project\D3D_AnimalCrossing\Client\private\Quest.cpp(176,35): warning C4244: '초기화 중': 'FLOAT'에서 'LONG'(으)로 변환하면서 데이터가 손실될 수 있습니다.
F:\GIT\KYH_Project\D3D_AnimalCrossing\Client\private\Quest.cpp(176,43): warning C4838: 'FLOAT'에서 'LONG'(으)로의 변환에는 축소 변환이 필요합니다.
F:\GIT\KYH_Project\D3D_AnimalCrossing\Client\private\Quest.cpp(176,43): warning C4244: '초기화 중': 'FLOAT'에서 'LONG'(으)로 변환하면서 데이터가 손실될 수 있습니다.
F:\GIT\KYH_Project\D3D_AnimalCrossing\Client\private\Quest.cpp(191,26): warning C4838: 'FLOAT'에서 'LONG'(으)로의 변환에는 축소 변환이 필요합니다.
F:\GIT\KYH_Project\D3D_AnimalCrossing\Client\private\Quest.cpp(191,26): warning C4244: '초기화 중': 'FLOAT'에서 'LONG'(으)로 변환하면서 데이터가 손실될 수 있습니다.
F:\GIT\KYH_Project\D3D_AnimalCrossing\Client\private\Quest.cpp(191,36): warning C4838: 'FLOAT'에서 'LONG'(으)로의 변환에는 축소 변환이 필요합니다.
F:\GIT\KYH_Project\D3D_AnimalCrossing\Client\private\Quest.cpp(191,36): warning C4244: '초기화 중': 'FLOAT'에서 'LONG'(으)로 변환하면서 데이터가 손실될 수 있습니다.
F:\GIT\KYH_Project\D3D_AnimalCrossing\Client\private\Quest.cpp(191,45): warning C4838: 'FLOAT'에서 'LONG'(으)로의 변환에는 축소 변환이 필요합니다.
F:\GIT\KYH_Project\D3D_AnimalCrossing\Client\private\Quest.cpp(191,45): warning C4244: '초기화 중': 'FLOAT'에서 'LONG'(으)로 변환하면서 데이터가 손실될 수 있습니다.
F:\GIT\KYH_Project\D3D_AnimalCrossing\Client\private\Quest.cpp(191,55): warning C4838: 'FLOAT'에서 'LONG'(으)로의 변환에는 축소 변환이 필요합니다.
F:\GIT\KYH_Project\D3D_AnimalCrossing\Client\private\Quest.cpp(191,55): warning C4244: '초기화 중': 'FLOAT'에서 'LONG'(으)로 변환하면서 데이터가 손실될 수 있습니다.
F:\GIT\KYH_Project\D3D_AnimalCrossing\Client\private\Quest.cpp(222,29): warning C4838: 'FLOAT'에서 'LONG'(으)로의 변환에는 축소 변환이 필요합니다.
F:\GIT\KYH_Project\D3D_AnimalCrossing\Client\private\Quest.cpp(222,29): warning C4244: '초기화 중': 'FLOAT'에서 'LONG'(으)로 변환하면서 데이터가 손실될 수 있습니다.
F:\GIT\KYH_Project\D3D_AnimalCrossing\Client\private\Quest.cpp(222,39): warning C4838: 'FLOAT'에서 'LONG'(으)로의 변환에는 축소 변환이 필요합니다.
F:\GIT\KYH_Project\D3D_AnimalCrossing\Client\private\Quest.cpp(222,39): warning C4244: '초기화 중': 'FLOAT'에서 'LONG'(으)로 변환하면서 데이터가 손실될 수 있습니다.
F:\GIT\KYH_Project\D3D_AnimalCrossing\Client\private\Quest.cpp(222,48): warning C4838: 'FLOAT'에서 'LONG'(으)로의 변환에는 축소 변환이 필요합니다.
F:\GIT\KYH_Project\D3D_AnimalCrossing\Client\private\Quest.cpp(222,48): warning C4244: '초기화 중': 'FLOAT'에서 'LONG'(으)로 변환하면서 데이터가 손실될 수 있습니다.
F:\GIT\KYH_Project\D3D_AnimalCrossing\Client\private\Quest.cpp(222,58): warning C4838: 'FLOAT'에서 'LONG'(으)로의 변환에는 축소 변환이 필요합니다.
F:\GIT\KYH_Project\D3D_AnimalCrossing\Client\private\Quest.cpp(222,58): warning C4244: '초기화 중': 'FLOAT'에서 'LONG'(으)로 변환하면서 데이터가 손실될 수 있습니다.
F:\GIT\KYH_Project\D3D_AnimalCrossing\Client\private\Quest.cpp(150,4): warning C4996: 'swprintf': function has been changed to conform with the ISO C standard, adding an extra character count parameter. To use the traditional Microsoft version, set _CRT_NON_CONFORMING_SWPRINTFS.
F:\GIT\KYH_Project\D3D_AnimalCrossing\Client\private\Quest.cpp(188,5): warning C4996: 'swprintf': function has been changed to conform with the ISO C standard, adding an extra character count parameter. To use the traditional Microsoft version, set _CRT_NON_CONFORMING_SWPRINTFS.
F:\GIT\KYH_Project\D3D_AnimalCrossing\Client\private\Quest.cpp(219,5): warning C4996: 'swprintf': function has been changed to conform with the ISO C standard, adding an extra character count parameter. To use the traditional Microsoft version, set _CRT_NON_CONFORMING_SWPRINTFS.
F:\GIT\KYH_Project\D3D_AnimalCrossing\Client\private\Quest.cpp(218,12): warning C4101: 'szProgress' :참조되지 않은 지역 변수입니다.
F:\GIT\KYH_Project\D3D_AnimalCrossing\Client\private\Quest.cpp(293,22): warning C4996: 'localtime': This function or variable may be unsafe. Consider using localtime_s instead. To disable deprecation, use _CRT_SECURE_NO_WARNINGS. See online help for details.
  Weed.cpp
  Client.cpp
F:\GIT\KYH_Project\D3D_AnimalCrossing\Client\private\Weed.cpp(75,16): warning C4244: '초기화 중': 'double'에서 'float'(으)로 변환하면서 데이터가 손실될 수 있습니다.
F:\GIT\KYH_Project\D3D_AnimalCrossing\Client\public\Utility.h(16,30): warning C4996: 'std::codecvt_utf8<wchar_t,1114111,(std::codecvt_mode)0>': warning STL4017: std::wbuffer_convert, std::wstring_convert, and the <codecvt> header (containing std::codecvt_mode, std::codecvt_utf8, std::codecvt_utf16, and std::codecvt_utf8_utf16) are deprecated in C++17. (The std::codecvt class template is NOT deprecated.) The C++ Standard doesn't provide equivalent non-deprecated functionality; consider using MultiByteToWideChar() and WideCharToMultiByte() from <Windows.h> instead. You can define _SILENCE_CXX17_CODECVT_HEADER_DEPRECATION_WARNING or _SILENCE_ALL_CXX17_DEPRECATION_WARNINGS to acknowledge that you have received this warning. (소스 파일 컴파일 중 ..\private\UI.cpp)
C:\Program Files (x86)\Microsoft Visual Studio\2019\Community\VC\Tools\MSVC\14.25.28610\include\codecvt(35,52): message : 'std::codecvt_utf8' 선언을 참조하십시오. (소스 파일 컴파일 중 ..\private\UI.cpp)
F:\GIT\KYH_Project\D3D_AnimalCrossing\Client\public\Utility.h(17,8): warning C4996: 'std::wstring_convert<convert_typeX,wchar_t,std::allocator<wchar_t>,std::allocator<char>>': warning STL4017: std::wbuffer_convert, std::wstring_convert, and the <codecvt> header (containing std::codecvt_mode, std::codecvt_utf8, std::codecvt_utf16, and std::codecvt_utf8_utf16) are deprecated in C++17. (The std::codecvt class template is NOT deprecated.) The C++ Standard doesn't provide equivalent non-deprecated functionality; consider using MultiByteToWideChar() and WideCharToMultiByte() from <Windows.h> instead. You can define _SILENCE_CXX17_CODECVT_HEADER_DEPRECATION_WARNING or _SILENCE_ALL_CXX17_DEPRECATION_WARNINGS to acknowledge that you have received this warning. (소스 파일 컴파일 중 ..\private\UI.cpp)
C:\Program Files (x86)\Microsoft Visual Studio\2019\Community\VC\Tools\MSVC\14.25.28610\include\xlocbuf(296,55): message : 'std::wstring_convert' 선언을 참조하십시오. (소스 파일 컴파일 중 ..\private\UI.cpp)
F:\GIT\KYH_Project\D3D_AnimalCrossing\Client\public\Utility.h(17,48): warning C4996: 'std::wstring_convert<convert_typeX,wchar_t,std::allocator<wchar_t>,std::allocator<char>>::wstring_convert': warning STL4017: std::wbuffer_convert, std::wstring_convert, and the <codecvt> header (containing std::codecvt_mode, std::codecvt_utf8, std::codecvt_utf16, and std::codecvt_utf8_utf16) are deprecated in C++17. (The std::codecvt class template is NOT deprecated.) The C++ Standard doesn't provide equivalent non-deprecated functionality; consider using MultiByteToWideChar() and WideCharToMultiByte() from <Windows.h> instead. You can define _SILENCE_CXX17_CODECVT_HEADER_DEPRECATION_WARNING or _SILENCE_ALL_CXX17_DEPRECATION_WARNINGS to acknowledge that you have received this warning. (소스 파일 컴파일 중 ..\private\UI.cpp)
F:\GIT\KYH_Project\D3D_AnimalCrossing\Client\public\Utility.h(19,20): warning C4996: 'std::wstring_convert<convert_typeX,wchar_t,std::allocator<wchar_t>,std::allocator<char>>::from_bytes': warning STL4017: std::wbuffer_convert, std::wstring_convert, and the <codecvt> header (containing std::codecvt_mode, std::codecvt_utf8, std::codecvt_utf16, and std::codecvt_utf8_utf16) are deprecated in C++17. (The std::codecvt class template is NOT deprecated.) The C++ Standard doesn't provide equivalent non-deprecated functionality; consider using MultiByteToWideChar() and WideCharToMultiByte() from <Windows.h> instead. You can define _SILENCE_CXX17_CODECVT_HEADER_DEPRECATION_WARNING or _SILENCE_ALL_CXX17_DEPRECATION_WARNINGS to acknowledge that you have received this warning. (소스 파일 컴파일 중 ..\private\UI.cpp)
F:\GIT\KYH_Project\D3D_AnimalCrossing\Client\public\Utility.h(24,30): warning C4996: 'std::codecvt_utf8<wchar_t,1114111,(std::codecvt_mode)0>': warning STL4017: std::wbuffer_convert, std::wstring_convert, and the <codecvt> header (containing std::codecvt_mode, std::codecvt_utf8, std::codecvt_utf16, and std::codecvt_utf8_utf16) are deprecated in C++17. (The std::codecvt class template is NOT deprecated.) The C++ Standard doesn't provide equivalent non-deprecated functionality; consider using MultiByteToWideChar() and WideCharToMultiByte() from <Windows.h> instead. You can define _SILENCE_CXX17_CODECVT_HEADER_DEPRECATION_WARNING or _SILENCE_ALL_CXX17_DEPRECATION_WARNINGS to acknowledge that you have received this warning. (소스 파일 컴파일 중 ..\private\UI.cpp)
C:\Program Files (x86)\Microsoft Visual Studio\2019\Community\VC\Tools\MSVC\14.25.28610\include\codecvt(35,52): message : 'std::codecvt_utf8' 선언을 참조하십시오. (소스 파일 컴파일 중 ..\private\UI.cpp)
F:\GIT\KYH_Project\D3D_AnimalCrossing\Client\public\Utility.h(25,8): warning C4996: 'std::wstring_convert<convert_typeX,wchar_t,std::allocator<wchar_t>,std::allocator<char>>': warning STL4017: std::wbuffer_convert, std::wstring_convert, and the <codecvt> header (containing std::codecvt_mode, std::codecvt_utf8, std::codecvt_utf16, and std::codecvt_utf8_utf16) are deprecated in C++17. (The std::codecvt class template is NOT deprecated.) The C++ Standard doesn't provide equivalent non-deprecated functionality; consider using MultiByteToWideChar() and WideCharToMultiByte() from <Windows.h> instead. You can define _SILENCE_CXX17_CODECVT_HEADER_DEPRECATION_WARNING or _SILENCE_ALL_CXX17_DEPRECATION_WARNINGS to acknowledge that you have received this warning. (소스 파일 컴파일 중 ..\private\UI.cpp)
C:\Program Files (x86)\Microsoft Visual Studio\2019\Community\VC\Tools\MSVC\14.25.28610\include\xlocbuf(296,55): message : 'std::wstring_convert' 선언을 참조하십시오. (소스 파일 컴파일 중 ..\private\UI.cpp)
F:\GIT\KYH_Project\D3D_AnimalCrossing\Client\public\Utility.h(25,48): warning C4996: 'std::wstring_convert<convert_typeX,wchar_t,std::allocator<wchar_t>,std::allocator<char>>::wstring_convert': warning STL4017: std::wbuffer_convert, std::wstring_convert, and the <codecvt> header (containing std::codecvt_mode, std::codecvt_utf8, std::codecvt_utf16, and std::codecvt_utf8_utf16) are deprecated in C++17. (The std::codecvt class template is NOT deprecated.) The C++ Standard doesn't provide equivalent non-deprecated functionality; consider using MultiByteToWideChar() and WideCharToMultiByte() from <Windows.h> instead. You can define _SILENCE_CXX17_CODECVT_HEADER_DEPRECATION_WARNING or _SILENCE_ALL_CXX17_DEPRECATION_WARNINGS to acknowledge that you have received this warning. (소스 파일 컴파일 중 ..\private\UI.cpp)
F:\GIT\KYH_Project\D3D_AnimalCrossing\Client\public\Utility.h(27,20): warning C4996: 'std::wstring_convert<convert_typeX,wchar_t,std::allocator<wchar_t>,std::allocator<char>>::to_bytes': warning STL4017: std::wbuffer_convert, std::wstring_convert, and the <codecvt> header (containing std::codecvt_mode, std::codecvt_utf8, std::codecvt_utf16, and std::codecvt_utf8_utf16) are deprecated in C++17. (The std::codecvt class template is NOT deprecated.) The C++ Standard doesn't provide equivalent non-deprecated functionality; consider using MultiByteToWideChar() and WideCharToMultiByte() from <Windows.h> instead. You can define _SILENCE_CXX17_CODECVT_HEADER_DEPRECATION_WARNING or _SILENCE_ALL_CXX17_DEPRECATION_WARNINGS to acknowledge that you have received this warning. (소스 파일 컴파일 중 ..\private\UI.cpp)
F:\GIT\KYH_Project\D3D_AnimalCrossing\Client\public\Utility.h(65,29): warning C4244: '인수': 'unsigned __int64'에서 'const unsigned int'(으)로 변환하면서 데이터가 손실될 수 있습니다. (소스 파일 컴파일 중 ..\private\UI.cpp)
F:\GIT\KYH_Project\D3D_AnimalCrossing\Client\public\Utility.h(69,34): warning C4244: '인수': 'unsigned __int64'에서 'const unsigned int'(으)로 변환하면서 데이터가 손실될 수 있습니다. (소스 파일 컴파일 중 ..\private\UI.cpp)
F:\GIT\KYH_Project\D3D_AnimalCrossing\Client\public\Utility.h(71,28): warning C4244: '인수': 'unsigned __int64'에서 'const unsigned int'(으)로 변환하면서 데이터가 손실될 수 있습니다. (소스 파일 컴파일 중 ..\private\UI.cpp)
F:\GIT\KYH_Project\D3D_AnimalCrossing\Client\private\UI.cpp(117,15): warning C4244: '초기화 중': 'double'에서 'float'(으)로 변환하면서 데이터가 손실될 수 있습니다.
F:\GIT\KYH_Project\D3D_AnimalCrossing\Client\private\UI.cpp(120,34): warning C4244: '=': 'double'에서 'float'(으)로 변환하면서 데이터가 손실될 수 있습니다.
F:\GIT\KYH_Project\D3D_AnimalCrossing\Client\private\UI.cpp(123,13): warning C4244: '초기화 중': 'float'에서 'int'(으)로 변환하면서 데이터가 손실될 수 있습니다.
F:\GIT\KYH_Project\D3D_AnimalCrossing\Client\private\UI.cpp(95,22): warning C4996: 'localtime': This function or variable may be unsafe. Consider using localtime_s instead. To disable deprecation, use _CRT_SECURE_NO_WARNINGS. See online help for details.
F:\GIT\KYH_Project\D3D_AnimalCrossing\Client\private\UI.cpp(115,2): warning C4996: 'swprintf': function has been changed to conform with the ISO C standard, adding an extra character count parameter. To use the traditional Microsoft version, set _CRT_NON_CONFORMING_SWPRINTFS.
F:\GIT\KYH_Project\D3D_AnimalCrossing\Client\private\UI.cpp(159,3): warning C4996: 'wcscpy': This function or variable may be unsafe. Consider using wcscpy_s instead. To disable deprecation, use _CRT_SECURE_NO_WARNINGS. See online help for details.
F:\GIT\KYH_Project\D3D_AnimalCrossing\Client\private\UI.cpp(162,3): warning C4996: 'wcscpy': This function or variable may be unsafe. Consider using wcscpy_s instead. To disable deprecation, use _CRT_SECURE_NO_WARNINGS. See online help for details.
F:\GIT\KYH_Project\D3D_AnimalCrossing\Client\private\UI.cpp(165,3): warning C4996: 'wcscpy': This function or variable may be unsafe. Consider using wcscpy_s instead. To disable deprecation, use _CRT_SECURE_NO_WARNINGS. See online help for details.
F:\GIT\KYH_Project\D3D_AnimalCrossing\Client\private\UI.cpp(168,3): warning C4996: 'wcscpy': This function or variable may be unsafe. Consider using wcscpy_s instead. To disable deprecation, use _CRT_SECURE_NO_WARNINGS. See online help for details.
F:\GIT\KYH_Project\D3D_AnimalCrossing\Client\private\UI.cpp(171,3): warning C4996: 'wcscpy': This function or variable may be unsafe. Consider using wcscpy_s instead. To disable deprecation, use _CRT_SECURE_NO_WARNINGS. See online help for details.
F:\GIT\KYH_Project\D3D_AnimalCrossing\Client\private\UI.cpp(174,3): warning C4996: 'wcscpy': This function or variable may be unsafe. Consider using wcscpy_s instead. To disable deprecation, use _CRT_SECURE_NO_WARNINGS. See online help for details.
F:\GIT\KYH_Project\D3D_AnimalCrossing\Client\private\UI.cpp(177,3): warning C4996: 'wcscpy': This function or variable may be unsafe. Consider using wcscpy_s instead. To disable deprecation, use _CRT_SECURE_NO_WARNINGS. See online help for details.
F:\GIT\KYH_Project\D3D_AnimalCrossing\Client\private\UI.cpp(182,2): warning C4996: 'swprintf': function has been changed to conform with the ISO C standard, adding an extra character count parameter. To use the traditional Microsoft version, set _CRT_NON_CONFORMING_SWPRINTFS.
  Client.vcxproj -> F:\GIT\KYH_Project\D3D_AnimalCrossing\Client\default\..\bin\Client.exe
