f:\이력서 진행 중\d3d_animalcrossing (3)\client\default\debug\client.pch
f:\이력서 진행 중\d3d_animalcrossing (3)\client\default\debug\vc142.pdb
f:\이력서 진행 중\d3d_animalcrossing (3)\client\default\debug\vc142.idb
f:\이력서 진행 중\d3d_animalcrossing (3)\client\default\debug\stdafx.obj
f:\이력서 진행 중\d3d_animalcrossing (3)\client\default\debug\background.obj
f:\이력서 진행 중\d3d_animalcrossing (3)\client\default\debug\level_loading.obj
f:\이력서 진행 중\d3d_animalcrossing (3)\client\default\debug\player.obj
f:\이력서 진행 중\d3d_animalcrossing (3)\client\default\debug\camera_free.obj
f:\이력서 진행 중\d3d_animalcrossing (3)\client\default\debug\mainapp.obj
f:\이력서 진행 중\d3d_animalcrossing (3)\client\default\debug\quest.obj
f:\이력서 진행 중\d3d_animalcrossing (3)\client\default\debug\inventory.obj
f:\이력서 진행 중\d3d_animalcrossing (3)\client\default\debug\nooktent.obj
f:\이력서 진행 중\d3d_animalcrossing (3)\client\default\debug\sky.obj
f:\이력서 진행 중\d3d_animalcrossing (3)\client\default\debug\tool_net.obj
f:\이력서 진행 중\d3d_animalcrossing (3)\client\default\debug\ui.obj
f:\이력서 진행 중\d3d_animalcrossing (3)\client\default\debug\flower.obj
f:\이력서 진행 중\d3d_animalcrossing (3)\client\default\debug\level_logo.obj
f:\이력서 진행 중\d3d_animalcrossing (3)\client\default\debug\player_hair.obj
f:\이력서 진행 중\d3d_animalcrossing (3)\client\default\debug\textballoon.obj
f:\이력서 진행 중\d3d_animalcrossing (3)\client\default\debug\tree.obj
f:\이력서 진행 중\d3d_animalcrossing (3)\client\default\debug\insect.obj
f:\이력서 진행 중\d3d_animalcrossing (3)\client\default\debug\weed.obj
f:\이력서 진행 중\d3d_animalcrossing (3)\client\default\debug\effect.obj
f:\이력서 진행 중\d3d_animalcrossing (3)\client\default\debug\loading.obj
f:\이력서 진행 중\d3d_animalcrossing (3)\client\default\debug\level_gameplay.obj
f:\이력서 진행 중\d3d_animalcrossing (3)\client\default\debug\peach.obj
f:\이력서 진행 중\d3d_animalcrossing (3)\client\default\debug\terrain.obj
f:\이력서 진행 중\d3d_animalcrossing (3)\client\default\debug\transition.obj
f:\이력서 진행 중\d3d_animalcrossing (3)\client\default\debug\client.obj
f:\이력서 진행 중\d3d_animalcrossing (3)\client\default\debug\item.obj
f:\이력서 진행 중\d3d_animalcrossing (3)\client\default\debug\noticeboard.obj
f:\이력서 진행 중\d3d_animalcrossing (3)\client\default\debug\sound_manager.obj
f:\이력서 진행 중\d3d_animalcrossing (3)\client\bin\client.ipdb
f:\이력서 진행 중\d3d_animalcrossing (3)\client\bin\client.iobj
f:\이력서 진행 중\d3d_animalcrossing (3)\client\bin\shader_mesh.cso
f:\이력서 진행 중\d3d_animalcrossing (3)\client\bin\shader_player.cso
f:\이력서 진행 중\d3d_animalcrossing (3)\client\bin\shader_point.cso
f:\이력서 진행 중\d3d_animalcrossing (3)\client\bin\shader_rect.cso
f:\이력서 진행 중\d3d_animalcrossing (3)\client\bin\shader_sky.cso
f:\이력서 진행 중\d3d_animalcrossing (3)\client\bin\shader_terrain.cso
c:\users\gratia\desktop\이력서 진행 중\d3d_animalcrossing (3)\client\bin\client.exe
c:\users\gratia\desktop\이력서 진행 중\d3d_animalcrossing (3)\client\bin\client.ilk
c:\users\gratia\desktop\이력서 진행 중\d3d_animalcrossing (3)\client\bin\client.pdb
f:\이력서 진행 중\d3d_animalcrossing (3)\client\bin\client.ilk
f:\이력서 진행 중\d3d_animalcrossing (3)\client\bin\client.exe
f:\이력서 진행 중\d3d_animalcrossing (3)\client\bin\client.pdb
f:\이력서 진행 중\d3d_animalcrossing (3)\client\default\debug\client.res
f:\이력서 진행 중\d3d_animalcrossing (3)\client\default\debug\client.ilk
f:\이력서 진행 중\d3d_animalcrossing (3)\client\default\..\bin\client.exe
f:\이력서 진행 중\d3d_animalcrossing (3)\client\default\debug\client.tlog\cl.command.1.tlog
f:\이력서 진행 중\d3d_animalcrossing (3)\client\default\debug\client.tlog\cl.read.1.tlog
f:\이력서 진행 중\d3d_animalcrossing (3)\client\default\debug\client.tlog\cl.write.1.tlog
f:\이력서 진행 중\d3d_animalcrossing (3)\client\default\debug\client.tlog\client.write.1u.tlog
f:\이력서 진행 중\d3d_animalcrossing (3)\client\default\debug\client.tlog\fxc.command.1.tlog
f:\이력서 진행 중\d3d_animalcrossing (3)\client\default\debug\client.tlog\fxc.read.1.tlog
f:\이력서 진행 중\d3d_animalcrossing (3)\client\default\debug\client.tlog\fxc.write.1.tlog
f:\이력서 진행 중\d3d_animalcrossing (3)\client\default\debug\client.tlog\link.command.1.tlog
f:\이력서 진행 중\d3d_animalcrossing (3)\client\default\debug\client.tlog\link.delete.1.tlog
f:\이력서 진행 중\d3d_animalcrossing (3)\client\default\debug\client.tlog\link.read.1.tlog
f:\이력서 진행 중\d3d_animalcrossing (3)\client\default\debug\client.tlog\link.write.1.tlog
f:\이력서 진행 중\d3d_animalcrossing (3)\client\default\debug\client.tlog\rc.command.1.tlog
f:\이력서 진행 중\d3d_animalcrossing (3)\client\default\debug\client.tlog\rc.read.1.tlog
f:\이력서 진행 중\d3d_animalcrossing (3)\client\default\debug\client.tlog\rc.write.1.tlog
