  Bubble.cpp
D:\jusin\API\API_CrazyArcade\API_CrazyArcade\Bubble.cpp(72,30): warning C4244:  '=': 'ULONGLONG'에서 'DWORD'(으)로 변환하면서 데이터가 손실될 수 있습니다.
D:\jusin\API\API_CrazyArcade\API_CrazyArcade\Bubble.cpp(98,72): warning C4244:  '인수': 'float'에서 'int'(으)로 변환하면서 데이터가 손실될 수 있습니다.
D:\jusin\API\API_CrazyArcade\API_CrazyArcade\Bubble.cpp(98,56): warning C4244:  '인수': 'float'에서 'int'(으)로 변환하면서 데이터가 손실될 수 있습니다.
D:\jusin\API\API_CrazyArcade\API_CrazyArcade\Bubble.cpp(107,72): warning C4244:  '인수': 'float'에서 'int'(으)로 변환하면서 데이터가 손실될 수 있습니다.
D:\jusin\API\API_CrazyArcade\API_CrazyArcade\Bubble.cpp(107,56): warning C4244:  '인수': 'float'에서 'int'(으)로 변환하면서 데이터가 손실될 수 있습니다.
D:\jusin\API\API_CrazyArcade\API_CrazyArcade\Bubble.cpp(116,81): warning C4244:  '인수': 'float'에서 'int'(으)로 변환하면서 데이터가 손실될 수 있습니다.
D:\jusin\API\API_CrazyArcade\API_CrazyArcade\Bubble.cpp(116,60): warning C4244:  '인수': 'float'에서 'int'(으)로 변환하면서 데이터가 손실될 수 있습니다.
D:\jusin\API\API_CrazyArcade\API_CrazyArcade\Bubble.cpp(125,81): warning C4244:  '인수': 'float'에서 'int'(으)로 변환하면서 데이터가 손실될 수 있습니다.
D:\jusin\API\API_CrazyArcade\API_CrazyArcade\Bubble.cpp(125,60): warning C4244:  '인수': 'float'에서 'int'(으)로 변환하면서 데이터가 손실될 수 있습니다.
D:\jusin\API\API_CrazyArcade\API_CrazyArcade\Bubble.cpp(157,14): warning C4244:  '인수': 'float'에서 'int'(으)로 변환하면서 데이터가 손실될 수 있습니다.
D:\jusin\API\API_CrazyArcade\API_CrazyArcade\Bubble.cpp(156,14): warning C4244:  '인수': 'float'에서 'int'(으)로 변환하면서 데이터가 손실될 수 있습니다.
D:\jusin\API\API_CrazyArcade\API_CrazyArcade\Bubble.cpp(177,25): warning C4244:  '인수': 'int'에서 'float'(으)로 변환하면서 데이터가 손실될 수 있습니다.
  BubblePop.cpp
D:\jusin\API\API_CrazyArcade\API_CrazyArcade\Bubble.cpp(177,21): warning C4244:  '인수': 'int'에서 'float'(으)로 변환하면서 데이터가 손실될 수 있습니다.
D:\jusin\API\API_CrazyArcade\API_CrazyArcade\BubblePop.cpp(76,14): warning C4244:  '인수': 'float'에서 'int'(으)로 변환하면서 데이터가 손실될 수 있습니다.
D:\jusin\API\API_CrazyArcade\API_CrazyArcade\BubblePop.cpp(75,14): warning C4244:  '인수': 'float'에서 'int'(으)로 변환하면서 데이터가 손실될 수 있습니다.
D:\jusin\API\API_CrazyArcade\API_CrazyArcade\BubblePop.cpp(96,25): warning C4244:  '인수': 'int'에서 'float'(으)로 변환하면서 데이터가 손실될 수 있습니다.
  코드를 생성하고 있습니다...
D:\jusin\API\API_CrazyArcade\API_CrazyArcade\BubblePop.cpp(96,21): warning C4244:  '인수': 'int'에서 'float'(으)로 변환하면서 데이터가 손실될 수 있습니다.
  API_CrazyArcade.vcxproj -> D:\jusin\API\API_CrazyArcade\x64\Debug\API_CrazyArcade.exe
