c:\users\kyh\desktop\d3d_animalcrossing\engine\default\release\layer.obj
c:\users\kyh\desktop\d3d_animalcrossing\engine\default\release\shader.obj
c:\users\kyh\desktop\d3d_animalcrossing\engine\default\release\vibuffer_rect.obj
c:\users\kyh\desktop\d3d_animalcrossing\engine\default\release\animation.obj
c:\users\kyh\desktop\d3d_animalcrossing\engine\default\release\graphic_device.obj
c:\users\kyh\desktop\d3d_animalcrossing\engine\default\release\mesh.obj
c:\users\kyh\desktop\d3d_animalcrossing\engine\default\release\texture.obj
c:\users\kyh\desktop\d3d_animalcrossing\engine\default\release\input_device.obj
c:\users\kyh\desktop\d3d_animalcrossing\engine\default\release\level.obj
c:\users\kyh\desktop\d3d_animalcrossing\engine\default\release\picking.obj
c:\users\kyh\desktop\d3d_animalcrossing\engine\default\release\vibuffer.obj
c:\users\kyh\desktop\d3d_animalcrossing\engine\default\release\component.obj
c:\users\kyh\desktop\d3d_animalcrossing\engine\default\release\gameobject.obj
c:\users\kyh\desktop\d3d_animalcrossing\engine\default\release\mesh_dynamic.obj
c:\users\kyh\desktop\d3d_animalcrossing\engine\default\release\timer_manager.obj
c:\users\kyh\desktop\d3d_animalcrossing\engine\default\release\hierarchyloader.obj
c:\users\kyh\desktop\d3d_animalcrossing\engine\default\release\light.obj
c:\users\kyh\desktop\d3d_animalcrossing\engine\default\release\pipeline.obj
c:\users\kyh\desktop\d3d_animalcrossing\engine\default\release\vibuffer_cube.obj
c:\users\kyh\desktop\d3d_animalcrossing\engine\default\release\component_manager.obj
c:\users\kyh\desktop\d3d_animalcrossing\engine\default\release\light_manager.obj
c:\users\kyh\desktop\d3d_animalcrossing\engine\default\release\renderer.obj
c:\users\kyh\desktop\d3d_animalcrossing\engine\default\release\vibuffer_terrain.obj
c:\users\kyh\desktop\d3d_animalcrossing\engine\default\release\base.obj
c:\users\kyh\desktop\d3d_animalcrossing\engine\default\release\gameinstance.obj
c:\users\kyh\desktop\d3d_animalcrossing\engine\default\release\mesh_static.obj
c:\users\kyh\desktop\d3d_animalcrossing\engine\default\release\timer.obj
c:\users\kyh\desktop\d3d_animalcrossing\engine\default\release\camera.obj
c:\users\kyh\desktop\d3d_animalcrossing\engine\default\release\level_manager.obj
c:\users\kyh\desktop\d3d_animalcrossing\engine\default\release\object_manager.obj
c:\users\kyh\desktop\d3d_animalcrossing\engine\default\release\transform.obj
c:\users\kyh\desktop\d3d_animalcrossing\engine\default\release\collider.obj
c:\users\kyh\desktop\d3d_animalcrossing\engine\default\release\target_manager.obj
c:\users\kyh\desktop\d3d_animalcrossing\engine\default\release\vibuffer_rect_viewport.obj
c:\users\kyh\desktop\d3d_animalcrossing\engine\default\release\target.obj
c:\users\kyh\desktop\d3d_animalcrossing\engine\default\release\vibuffer_point.obj
c:\users\kyh\desktop\d3d_animalcrossing\engine\default\release\vc142.pdb
c:\users\gratia\desktop\d3d_animalcrossing (3)\engine\default\release\base.obj
c:\users\gratia\desktop\d3d_animalcrossing (3)\engine\default\release\gameinstance.obj
c:\users\gratia\desktop\d3d_animalcrossing (3)\engine\default\release\renderer.obj
c:\users\gratia\desktop\d3d_animalcrossing (3)\engine\default\release\vibuffer_cube.obj
c:\users\gratia\desktop\d3d_animalcrossing (3)\engine\default\release\animation.obj
c:\users\gratia\desktop\d3d_animalcrossing (3)\engine\default\release\light_manager.obj
c:\users\gratia\desktop\d3d_animalcrossing (3)\engine\default\release\pipeline.obj
c:\users\gratia\desktop\d3d_animalcrossing (3)\engine\default\release\timer_manager.obj
c:\users\gratia\desktop\d3d_animalcrossing (3)\engine\default\release\vibuffer_rect_viewport.obj
c:\users\gratia\desktop\d3d_animalcrossing (3)\engine\default\release\collider.obj
c:\users\gratia\desktop\d3d_animalcrossing (3)\engine\default\release\level.obj
c:\users\gratia\desktop\d3d_animalcrossing (3)\engine\default\release\mesh_static.obj
c:\users\gratia\desktop\d3d_animalcrossing (3)\engine\default\release\target_manager.obj
c:\users\gratia\desktop\d3d_animalcrossing (3)\engine\default\release\hierarchyloader.obj
c:\users\gratia\desktop\d3d_animalcrossing (3)\engine\default\release\graphic_device.obj
c:\users\gratia\desktop\d3d_animalcrossing (3)\engine\default\release\mesh.obj
c:\users\gratia\desktop\d3d_animalcrossing (3)\engine\default\release\target.obj
c:\users\gratia\desktop\d3d_animalcrossing (3)\engine\default\release\vibuffer_point.obj
c:\users\gratia\desktop\d3d_animalcrossing (3)\engine\default\release\component_manager.obj
c:\users\gratia\desktop\d3d_animalcrossing (3)\engine\default\release\layer.obj
c:\users\gratia\desktop\d3d_animalcrossing (3)\engine\default\release\object_manager.obj
c:\users\gratia\desktop\d3d_animalcrossing (3)\engine\default\release\transform.obj
c:\users\gratia\desktop\d3d_animalcrossing (3)\engine\default\release\component.obj
c:\users\gratia\desktop\d3d_animalcrossing (3)\engine\default\release\gameobject.obj
c:\users\gratia\desktop\d3d_animalcrossing (3)\engine\default\release\shader.obj
c:\users\gratia\desktop\d3d_animalcrossing (3)\engine\default\release\vibuffer.obj
c:\users\gratia\desktop\d3d_animalcrossing (3)\engine\default\release\vibuffer_terrain.obj
c:\users\gratia\desktop\d3d_animalcrossing (3)\engine\default\release\input_device.obj
c:\users\gratia\desktop\d3d_animalcrossing (3)\engine\default\release\light.obj
c:\users\gratia\desktop\d3d_animalcrossing (3)\engine\default\release\picking.obj
c:\users\gratia\desktop\d3d_animalcrossing (3)\engine\default\release\texture.obj
c:\users\gratia\desktop\d3d_animalcrossing (3)\engine\default\release\camera.obj
c:\users\gratia\desktop\d3d_animalcrossing (3)\engine\default\release\level_manager.obj
c:\users\gratia\desktop\d3d_animalcrossing (3)\engine\default\release\mesh_dynamic.obj
c:\users\gratia\desktop\d3d_animalcrossing (3)\engine\default\release\timer.obj
c:\users\gratia\desktop\d3d_animalcrossing (3)\engine\default\release\vibuffer_rect.obj
c:\users\gratia\desktop\d3d_animalcrossing (3)\engine\default\release\vc142.pdb
d:\burger\framework\engine\bin\engine.lib
d:\burger\framework\engine\bin\engine.exp
c:\users\kyh\desktop\d3d_animalcrossing\engine\bin\engine.lib
c:\users\kyh\desktop\d3d_animalcrossing\engine\bin\engine.exp
c:\users\gratia\desktop\d3d_animalcrossing (3)\engine\bin\engine.lib
c:\users\gratia\desktop\d3d_animalcrossing (3)\engine\bin\engine.exp
c:\users\gratia\desktop\d3d_animalcrossing (3)\engine\bin\engine.ipdb
c:\users\gratia\desktop\d3d_animalcrossing (3)\engine\bin\engine.iobj
c:\users\kyh\desktop\d3d_animalcrossing\engine\bin\shader_collider.cso
c:\users\kyh\desktop\d3d_animalcrossing\engine\bin\shader_deferred.cso
c:\users\gratia\desktop\d3d_animalcrossing (3)\engine\bin\shader_collider.cso
c:\users\gratia\desktop\d3d_animalcrossing (3)\engine\bin\shader_deferred.cso
c:\users\kyh\desktop\d3d_animalcrossing\engine\bin\engine.dll
c:\users\kyh\desktop\d3d_animalcrossing\engine\default\release\engine.ipdb
c:\users\kyh\desktop\d3d_animalcrossing\engine\default\release\engine.iobj
c:\users\kyh\desktop\d3d_animalcrossing\engine\bin\engine.pdb
c:\users\gratia\desktop\d3d_animalcrossing (3)\engine\bin\engine.dll
c:\users\gratia\desktop\d3d_animalcrossing (3)\engine\bin\engine.pdb
c:\users\kyh\desktop\d3d_animalcrossing (3)\engine\default\release\animation.obj
c:\users\kyh\desktop\d3d_animalcrossing (3)\engine\default\release\base.obj
c:\users\kyh\desktop\d3d_animalcrossing (3)\engine\default\release\camera.obj
c:\users\kyh\desktop\d3d_animalcrossing (3)\engine\default\release\collider.obj
c:\users\kyh\desktop\d3d_animalcrossing (3)\engine\default\release\component.obj
c:\users\kyh\desktop\d3d_animalcrossing (3)\engine\default\release\component_manager.obj
c:\users\kyh\desktop\d3d_animalcrossing (3)\engine\default\release\gameinstance.obj
c:\users\kyh\desktop\d3d_animalcrossing (3)\engine\default\release\gameobject.obj
c:\users\kyh\desktop\d3d_animalcrossing (3)\engine\default\release\graphic_device.obj
c:\users\kyh\desktop\d3d_animalcrossing (3)\engine\default\release\hierarchyloader.obj
c:\users\kyh\desktop\d3d_animalcrossing (3)\engine\default\release\input_device.obj
c:\users\kyh\desktop\d3d_animalcrossing (3)\engine\default\release\layer.obj
c:\users\kyh\desktop\d3d_animalcrossing (3)\engine\default\release\level.obj
c:\users\kyh\desktop\d3d_animalcrossing (3)\engine\default\release\level_manager.obj
c:\users\kyh\desktop\d3d_animalcrossing (3)\engine\default\release\light.obj
c:\users\kyh\desktop\d3d_animalcrossing (3)\engine\default\release\light_manager.obj
c:\users\kyh\desktop\d3d_animalcrossing (3)\engine\default\release\mesh.obj
c:\users\kyh\desktop\d3d_animalcrossing (3)\engine\default\release\mesh_dynamic.obj
c:\users\kyh\desktop\d3d_animalcrossing (3)\engine\default\release\mesh_static.obj
c:\users\kyh\desktop\d3d_animalcrossing (3)\engine\default\release\object_manager.obj
c:\users\kyh\desktop\d3d_animalcrossing (3)\engine\default\release\picking.obj
c:\users\kyh\desktop\d3d_animalcrossing (3)\engine\default\release\pipeline.obj
c:\users\kyh\desktop\d3d_animalcrossing (3)\engine\default\release\renderer.obj
c:\users\kyh\desktop\d3d_animalcrossing (3)\engine\default\release\shader.obj
c:\users\kyh\desktop\d3d_animalcrossing (3)\engine\default\release\target.obj
c:\users\kyh\desktop\d3d_animalcrossing (3)\engine\default\release\target_manager.obj
c:\users\kyh\desktop\d3d_animalcrossing (3)\engine\default\release\texture.obj
c:\users\kyh\desktop\d3d_animalcrossing (3)\engine\default\release\timer.obj
c:\users\kyh\desktop\d3d_animalcrossing (3)\engine\default\release\timer_manager.obj
c:\users\kyh\desktop\d3d_animalcrossing (3)\engine\default\release\transform.obj
c:\users\kyh\desktop\d3d_animalcrossing (3)\engine\default\release\vibuffer.obj
c:\users\kyh\desktop\d3d_animalcrossing (3)\engine\default\release\vibuffer_cube.obj
c:\users\kyh\desktop\d3d_animalcrossing (3)\engine\default\release\vibuffer_point.obj
c:\users\kyh\desktop\d3d_animalcrossing (3)\engine\default\release\vibuffer_rect.obj
c:\users\kyh\desktop\d3d_animalcrossing (3)\engine\default\release\vibuffer_rect_viewport.obj
c:\users\kyh\desktop\d3d_animalcrossing (3)\engine\default\release\vibuffer_terrain.obj
c:\users\kyh\desktop\d3d_animalcrossing (3)\engine\default\release\engine.ipdb
c:\users\kyh\desktop\d3d_animalcrossing (3)\engine\default\release\engine.iobj
c:\users\kyh\desktop\d3d_animalcrossing (3)\engine\default\release\vc140.pdb
c:\users\kyh\desktop\d3d_animalcrossing (3)\engine\default\release\vc142.pdb
c:\users\kyh\desktop\d3d_animalcrossing (3)\engine\bin\engine.dll
c:\users\kyh\desktop\d3d_animalcrossing (3)\engine\default\release\engine.tlog\cl.command.1.tlog
c:\users\kyh\desktop\d3d_animalcrossing (3)\engine\default\release\engine.tlog\cl.read.1.tlog
c:\users\kyh\desktop\d3d_animalcrossing (3)\engine\default\release\engine.tlog\cl.write.1.tlog
c:\users\kyh\desktop\d3d_animalcrossing (3)\engine\default\release\engine.tlog\engine.write.1u.tlog
c:\users\kyh\desktop\d3d_animalcrossing (3)\engine\default\release\engine.tlog\fxc.command.1.tlog
c:\users\kyh\desktop\d3d_animalcrossing (3)\engine\default\release\engine.tlog\fxc.read.1.tlog
c:\users\kyh\desktop\d3d_animalcrossing (3)\engine\default\release\engine.tlog\fxc.write.1.tlog
c:\users\kyh\desktop\d3d_animalcrossing (3)\engine\default\release\engine.tlog\link.command.1.tlog
c:\users\kyh\desktop\d3d_animalcrossing (3)\engine\default\release\engine.tlog\link.delete.1.tlog
c:\users\kyh\desktop\d3d_animalcrossing (3)\engine\default\release\engine.tlog\link.read.1.tlog
c:\users\kyh\desktop\d3d_animalcrossing (3)\engine\default\release\engine.tlog\link.write.1.tlog
