f:\이력서 진행 중\d3d_animalcrossing (3)\engine\default\debug\base.obj
f:\이력서 진행 중\d3d_animalcrossing (3)\engine\default\debug\level.obj
f:\이력서 진행 중\d3d_animalcrossing (3)\engine\default\debug\picking.obj
f:\이력서 진행 중\d3d_animalcrossing (3)\engine\default\debug\timer.obj
f:\이력서 진행 중\d3d_animalcrossing (3)\engine\default\debug\vibuffer_rect_viewport.obj
f:\이력서 진행 중\d3d_animalcrossing (3)\engine\default\debug\component.obj
f:\이력서 진행 중\d3d_animalcrossing (3)\engine\default\debug\gameinstance.obj
f:\이력서 진행 중\d3d_animalcrossing (3)\engine\default\debug\pipeline.obj
f:\이력서 진행 중\d3d_animalcrossing (3)\engine\default\debug\target_manager.obj
f:\이력서 진행 중\d3d_animalcrossing (3)\engine\default\debug\hierarchyloader.obj
f:\이력서 진행 중\d3d_animalcrossing (3)\engine\default\debug\light.obj
f:\이력서 진행 중\d3d_animalcrossing (3)\engine\default\debug\mesh_dynamic.obj
f:\이력서 진행 중\d3d_animalcrossing (3)\engine\default\debug\transform.obj
f:\이력서 진행 중\d3d_animalcrossing (3)\engine\default\debug\vibuffer_terrain.obj
f:\이력서 진행 중\d3d_animalcrossing (3)\engine\default\debug\animation.obj
f:\이력서 진행 중\d3d_animalcrossing (3)\engine\default\debug\layer.obj
f:\이력서 진행 중\d3d_animalcrossing (3)\engine\default\debug\renderer.obj
f:\이력서 진행 중\d3d_animalcrossing (3)\engine\default\debug\vibuffer_cube.obj
f:\이력서 진행 중\d3d_animalcrossing (3)\engine\default\debug\component_manager.obj
f:\이력서 진행 중\d3d_animalcrossing (3)\engine\default\debug\level_manager.obj
f:\이력서 진행 중\d3d_animalcrossing (3)\engine\default\debug\mesh.obj
f:\이력서 진행 중\d3d_animalcrossing (3)\engine\default\debug\target.obj
f:\이력서 진행 중\d3d_animalcrossing (3)\engine\default\debug\vibuffer_point.obj
f:\이력서 진행 중\d3d_animalcrossing (3)\engine\default\debug\input_device.obj
f:\이력서 진행 중\d3d_animalcrossing (3)\engine\default\debug\gameobject.obj
f:\이력서 진행 중\d3d_animalcrossing (3)\engine\default\debug\shader.obj
f:\이력서 진행 중\d3d_animalcrossing (3)\engine\default\debug\vibuffer.obj
f:\이력서 진행 중\d3d_animalcrossing (3)\engine\default\debug\collider.obj
f:\이력서 진행 중\d3d_animalcrossing (3)\engine\default\debug\graphic_device.obj
f:\이력서 진행 중\d3d_animalcrossing (3)\engine\default\debug\mesh_static.obj
f:\이력서 진행 중\d3d_animalcrossing (3)\engine\default\debug\texture.obj
f:\이력서 진행 중\d3d_animalcrossing (3)\engine\default\debug\vibuffer_rect.obj
f:\이력서 진행 중\d3d_animalcrossing (3)\engine\default\debug\camera.obj
f:\이력서 진행 중\d3d_animalcrossing (3)\engine\default\debug\light_manager.obj
f:\이력서 진행 중\d3d_animalcrossing (3)\engine\default\debug\object_manager.obj
f:\이력서 진행 중\d3d_animalcrossing (3)\engine\default\debug\timer_manager.obj
f:\이력서 진행 중\d3d_animalcrossing (3)\engine\default\debug\vc142.pdb
f:\이력서 진행 중\d3d_animalcrossing (3)\engine\bin\engine.lib
f:\이력서 진행 중\d3d_animalcrossing (3)\engine\bin\engine.exp
f:\이력서 진행 중\d3d_animalcrossing (3)\engine\bin\shader_collider.cso
f:\이력서 진행 중\d3d_animalcrossing (3)\engine\bin\shader_deferred.cso
f:\이력서 진행 중\d3d_animalcrossing (3)\engine\bin\engine.ilk
f:\이력서 진행 중\d3d_animalcrossing (3)\engine\bin\engine.dll
f:\이력서 진행 중\d3d_animalcrossing (3)\engine\bin\engine.pdb
f:\이력서 진행 중\d3d_animalcrossing (3)\engine\default\debug\vc142.idb
f:\이력서 진행 중\d3d_animalcrossing (3)\engine\default\..\bin\engine.dll
f:\이력서 진행 중\d3d_animalcrossing (3)\engine\default\debug\engine.tlog\cl.12180.write.1.tlog
f:\이력서 진행 중\d3d_animalcrossing (3)\engine\default\debug\engine.tlog\cl.command.1.tlog
f:\이력서 진행 중\d3d_animalcrossing (3)\engine\default\debug\engine.tlog\cl.read.1.tlog
f:\이력서 진행 중\d3d_animalcrossing (3)\engine\default\debug\engine.tlog\engine.write.1u.tlog
f:\이력서 진행 중\d3d_animalcrossing (3)\engine\default\debug\engine.tlog\fxc.command.1.tlog
f:\이력서 진행 중\d3d_animalcrossing (3)\engine\default\debug\engine.tlog\fxc.read.1.tlog
f:\이력서 진행 중\d3d_animalcrossing (3)\engine\default\debug\engine.tlog\fxc.write.1.tlog
f:\이력서 진행 중\d3d_animalcrossing (3)\engine\default\debug\engine.tlog\link.command.1.tlog
f:\이력서 진행 중\d3d_animalcrossing (3)\engine\default\debug\engine.tlog\link.delete.1.tlog
f:\이력서 진행 중\d3d_animalcrossing (3)\engine\default\debug\engine.tlog\link.read.1.tlog
f:\이력서 진행 중\d3d_animalcrossing (3)\engine\default\debug\engine.tlog\link.write.1.tlog
